#
# There is insufficient memory for the Java Runtime Environment to continue.
# Native memory allocation (malloc) failed to allocate 895504 bytes for Chunk::new
# Possible reasons:
#   The system is out of physical RAM or swap space
#   The process is running with CompressedOops enabled, and the Java Heap may be blocking the growth of the native heap
# Possible solutions:
#   Reduce memory load on the system
#   Increase physical memory or swap space
#   Check if swap backing store is full
#   Decrease Java heap size (-Xmx/-Xms)
#   Decrease number of Java threads
#   Decrease Java thread stack sizes (-Xss)
#   Set larger code cache with -XX:ReservedCodeCacheSize=
#   JVM is running with Unscaled Compressed Oops mode in which the Java heap is
#     placed in the first 4GB address space. The Java Heap base address is the
#     maximum limit for the native heap growth. Please use -XX:HeapBaseMinAddress
#     to set the Java Heap base and to place the Java Heap above 4GB virtual address.
# This output file may be truncated or incomplete.
#
#  Out of Memory Error (arena.cpp:189), pid=8532, tid=14400
#
# JRE version: Java(TM) SE Runtime Environment (17.0.4.1+1) (build 17.0.4.1+1-LTS-2)
# Java VM: Java HotSpot(TM) 64-Bit Server VM (17.0.4.1+1-LTS-2, mixed mode, sharing, tiered, compressed oops, compressed class ptrs, g1 gc, windows-amd64)
# No core dump will be written. Minidumps are not enabled by default on client versions of Windows
#

---------------  S U M M A R Y ------------

Command Line: --add-opens=java.base/java.util=ALL-UNNAMED --add-opens=java.base/java.lang=ALL-UNNAMED --add-opens=java.base/java.lang.invoke=ALL-UNNAMED --add-opens=java.base/java.util=ALL-UNNAMED --add-opens=java.prefs/java.util.prefs=ALL-UNNAMED --add-opens=java.prefs/java.util.prefs=ALL-UNNAMED --add-opens=java.base/java.nio.charset=ALL-UNNAMED --add-opens=java.base/java.net=ALL-UNNAMED --add-opens=java.base/java.util.concurrent.atomic=ALL-UNNAMED -Xmx1536M -Dfile.encoding=x-windows-949 -Duser.country=KR -Duser.language=ko -Duser.variant org.gradle.launcher.daemon.bootstrap.GradleDaemon 7.4

Host: Intel(R) Core(TM) i5-5300U CPU @ 2.30GHz, 4 cores, 11G,  Windows 10 , 64 bit Build 19041 (10.0.19041.2251)
Time: Wed Nov 30 22:02:47 2022  Windows 10 , 64 bit Build 19041 (10.0.19041.2251) elapsed time: 72.263594 seconds (0d 0h 1m 12s)

---------------  T H R E A D  ---------------

Current thread (0x00000210684a9af0):  JavaThread "C2 CompilerThread0" daemon [_thread_in_native, id=14400, stack(0x000000d7de100000,0x000000d7de200000)]


Current CompileTask:
C2:  72263 15280   !   4       org.gradle.cache.internal.DefaultMultiProcessSafePersistentIndexedCache::getIfPresent (25 bytes)

Stack: [0x000000d7de100000,0x000000d7de200000]
Native frames: (J=compiled Java code, j=interpreted, Vv=VM code, C=native code)
V  [jvm.dll+0x6723ba]
V  [jvm.dll+0x7d1e34]
V  [jvm.dll+0x7d35de]
V  [jvm.dll+0x7d3c43]
V  [jvm.dll+0x243065]
V  [jvm.dll+0xaa57b]
V  [jvm.dll+0xaab0c]
V  [jvm.dll+0x360467]
V  [jvm.dll+0x32a971]
V  [jvm.dll+0x329e1a]
V  [jvm.dll+0x2161a1]
V  [jvm.dll+0x2155c1]
V  [jvm.dll+0x1a1fcd]
V  [jvm.dll+0x224e08]
V  [jvm.dll+0x222f75]
V  [jvm.dll+0x787a0b]
V  [jvm.dll+0x781fca]
V  [jvm.dll+0x671245]
C  [ucrtbase.dll+0x21bb2]
C  [KERNEL32.DLL+0x174b4]
C  [ntdll.dll+0x526a1]


---------------  P R O C E S S  ---------------

Threads class SMR info:
_java_thread_list=0x00000210711b33b0, length=43, elements={
0x000002104be6cca0, 0x0000021068481050, 0x0000021068482660, 0x00000210684a1c00,
0x00000210684a25b0, 0x00000210684a3700, 0x00000210684a50c0, 0x00000210684a9af0,
0x00000210684ac4e0, 0x00000210684cb110, 0x00000210690d4190, 0x00000210690faaa0,
0x000002106a8a7ad0, 0x00000210691f9dc0, 0x000002106b7b6c20, 0x0000021069bc2550,
0x000002106a0752c0, 0x0000021069cde520, 0x0000021069cdd6b0, 0x0000021069cdc370,
0x0000021069cdb030, 0x0000021069cdb500, 0x000002106b82f080, 0x000002106b8333e0,
0x000002106b82fa20, 0x000002106b832570, 0x000002106b8368d0, 0x000002106b831230,
0x000002106c5dc170, 0x000002106c5de320, 0x000002106c5e1ce0, 0x000002106ccda330,
0x000002106c5df190, 0x000002106c5e39c0, 0x000002106c5e21b0, 0x000002106c5dd980,
0x000002106c5dfb30, 0x000002106c5e2b50, 0x000002106c5dde50, 0x000002106c5decc0,
0x000002106c5e2680, 0x000002106c5dcb10, 0x000002106c5dcfe0
}

Java Threads: ( => current thread )
  0x000002104be6cca0 JavaThread "main" [_thread_blocked, id=14972, stack(0x000000d7dd400000,0x000000d7dd500000)]
  0x0000021068481050 JavaThread "Reference Handler" daemon [_thread_blocked, id=7352, stack(0x000000d7ddb00000,0x000000d7ddc00000)]
  0x0000021068482660 JavaThread "Finalizer" daemon [_thread_blocked, id=12508, stack(0x000000d7ddc00000,0x000000d7ddd00000)]
  0x00000210684a1c00 JavaThread "Signal Dispatcher" daemon [_thread_blocked, id=13944, stack(0x000000d7ddd00000,0x000000d7dde00000)]
  0x00000210684a25b0 JavaThread "Attach Listener" daemon [_thread_blocked, id=7932, stack(0x000000d7dde00000,0x000000d7ddf00000)]
  0x00000210684a3700 JavaThread "Service Thread" daemon [_thread_blocked, id=8548, stack(0x000000d7ddf00000,0x000000d7de000000)]
  0x00000210684a50c0 JavaThread "Monitor Deflation Thread" daemon [_thread_blocked, id=8032, stack(0x000000d7de000000,0x000000d7de100000)]
=>0x00000210684a9af0 JavaThread "C2 CompilerThread0" daemon [_thread_in_native, id=14400, stack(0x000000d7de100000,0x000000d7de200000)]
  0x00000210684ac4e0 JavaThread "C1 CompilerThread0" daemon [_thread_blocked, id=11016, stack(0x000000d7de200000,0x000000d7de300000)]
  0x00000210684cb110 JavaThread "Sweeper thread" daemon [_thread_blocked, id=14188, stack(0x000000d7de300000,0x000000d7de400000)]
  0x00000210690d4190 JavaThread "Common-Cleaner" daemon [_thread_blocked, id=6536, stack(0x000000d7de400000,0x000000d7de500000)]
  0x00000210690faaa0 JavaThread "Notification Thread" daemon [_thread_blocked, id=10416, stack(0x000000d7de500000,0x000000d7de600000)]
  0x000002106a8a7ad0 JavaThread "Daemon health stats" [_thread_blocked, id=4192, stack(0x000000d7deb00000,0x000000d7dec00000)]
  0x00000210691f9dc0 JavaThread "Incoming local TCP Connector on port 11372" [_thread_in_native, id=4652, stack(0x000000d7de700000,0x000000d7de800000)]
  0x000002106b7b6c20 JavaThread "Daemon periodic checks" [_thread_blocked, id=8400, stack(0x000000d7dec00000,0x000000d7ded00000)]
  0x0000021069bc2550 JavaThread "Daemon" [_thread_blocked, id=2480, stack(0x000000d7ded00000,0x000000d7dee00000)]
  0x000002106a0752c0 JavaThread "Daemon worker" [_thread_in_native, id=4860, stack(0x000000d7df000000,0x000000d7df100000)]
  0x0000021069cde520 JavaThread "Cache worker for journal cache (C:\Users\tulee\.gradle\caches\journal-1)" [_thread_blocked, id=16036, stack(0x000000d7df400000,0x000000d7df500000)]
  0x0000021069cdd6b0 JavaThread "File lock request listener" [_thread_in_native, id=14936, stack(0x000000d7df500000,0x000000d7df600000)]
  0x0000021069cdc370 JavaThread "Cache worker for file hash cache (C:\Users\tulee\.gradle\caches\7.4\fileHashes)" [_thread_blocked, id=9880, stack(0x000000d7df600000,0x000000d7df700000)]
  0x0000021069cdb030 JavaThread "File watcher server" daemon [_thread_in_native, id=14488, stack(0x000000d7df800000,0x000000d7df900000)]
  0x0000021069cdb500 JavaThread "File watcher consumer" daemon [_thread_blocked, id=15412, stack(0x000000d7df900000,0x000000d7dfa00000)]
  0x000002106b82f080 JavaThread "Cache worker for execution history cache (C:\Users\tulee\.gradle\caches\7.4\executionHistory)" [_thread_blocked, id=15164, stack(0x000000d7dfe00000,0x000000d7dff00000)]
  0x000002106b8333e0 JavaThread "jar transforms" [_thread_blocked, id=6132, stack(0x000000d7dff00000,0x000000d7e0000000)]
  0x000002106b82fa20 JavaThread "jar transforms Thread 2" [_thread_blocked, id=11592, stack(0x000000d7e0000000,0x000000d7e0100000)]
  0x000002106b832570 JavaThread "Cache worker for file content cache (C:\Users\tulee\.gradle\caches\7.4\fileContent)" [_thread_blocked, id=11776, stack(0x000000d7e0100000,0x000000d7e0200000)]
  0x000002106b8368d0 JavaThread "jar transforms Thread 3" [_thread_blocked, id=11900, stack(0x000000d7e0200000,0x000000d7e0300000)]
  0x000002106b831230 JavaThread "jar transforms Thread 4" [_thread_blocked, id=504, stack(0x000000d7e0300000,0x000000d7e0400000)]
  0x000002106c5dc170 JavaThread "Memory manager" [_thread_blocked, id=7780, stack(0x000000d7e2f00000,0x000000d7e3000000)]
  0x000002106c5de320 JavaThread "included builds" [_thread_blocked, id=4432, stack(0x000000d7e3300000,0x000000d7e3400000)]
  0x000002106c5e1ce0 JavaThread "File lock release action executor" [_thread_blocked, id=3036, stack(0x000000d7dd200000,0x000000d7dd300000)]
  0x000002106ccda330 JavaThread "included builds" [_thread_blocked, id=6172, stack(0x000000d7dd100000,0x000000d7dd200000)]
  0x000002106c5df190 JavaThread "Handler for socket connection from /127.0.0.1:11372 to /127.0.0.1:11430" [_thread_in_native, id=15588, stack(0x000000d7dd300000,0x000000d7dd400000)]
  0x000002106c5e39c0 JavaThread "Cancel handler" [_thread_blocked, id=12128, stack(0x000000d7dee00000,0x000000d7def00000)]
  0x000002106c5e21b0 JavaThread "Asynchronous log dispatcher for DefaultDaemonConnection: socket connection from /127.0.0.1:11372 to /127.0.0.1:11430" [_thread_blocked, id=16096, stack(0x000000d7def00000,0x000000d7df000000)]
  0x000002106c5dd980 JavaThread "Stdin handler" [_thread_blocked, id=12376, stack(0x000000d7df100000,0x000000d7df200000)]
  0x000002106c5dfb30 JavaThread "Daemon client event forwarder" [_thread_blocked, id=10176, stack(0x000000d7df200000,0x000000d7df300000)]
  0x000002106c5e2b50 JavaThread "Cache worker for checksums cache (C:\Users\tulee\Desktop\danim\Capstone_Team\android\.gradle\7.4\checksums)" [_thread_blocked, id=15548, stack(0x000000d7df300000,0x000000d7df400000)]
  0x000002106c5dde50 JavaThread "Cache worker for cache directory md-rule (C:\Users\tulee\.gradle\caches\7.4\md-rule)" [_thread_blocked, id=5760, stack(0x000000d7dfa00000,0x000000d7dfb00000)]
  0x000002106c5decc0 JavaThread "Cache worker for file hash cache (C:\Users\tulee\Desktop\danim\Capstone_Team\android\.gradle\7.4\fileHashes)" [_thread_blocked, id=10536, stack(0x000000d7dfb00000,0x000000d7dfc00000)]
  0x000002106c5e2680 JavaThread "Cache worker for cache directory md-supplier (C:\Users\tulee\.gradle\caches\7.4\md-supplier)" [_thread_blocked, id=13996, stack(0x000000d7dfc00000,0x000000d7dfd00000)]
  0x000002106c5dcb10 JavaThread "Cache worker for dependencies-accessors (C:\Users\tulee\Desktop\danim\Capstone_Team\android\.gradle\7.4\dependencies-accessors)" [_thread_blocked, id=14948, stack(0x000000d7dfd00000,0x000000d7dfe00000)]
  0x000002106c5dcfe0 JavaThread "Cache worker for Build Output Cleanup Cache (C:\Users\tulee\Desktop\danim\Capstone_Team\android\.gradle\buildOutputCleanup)" [_thread_blocked, id=4876, stack(0x000000d7e0400000,0x000000d7e0500000)]

Other Threads:
  0x000002106847ccc0 VMThread "VM Thread" [stack: 0x000000d7dda00000,0x000000d7ddb00000] [id=15236]
  0x000002104beccc70 WatcherThread [stack: 0x000000d7de600000,0x000000d7de700000] [id=14568]
  0x000002104beb7b30 GCTaskThread "GC Thread#0" [stack: 0x000000d7dd500000,0x000000d7dd600000] [id=9480]
  0x00000210697c4810 GCTaskThread "GC Thread#1" [stack: 0x000000d7de800000,0x000000d7de900000] [id=9180]
  0x000002106935b520 GCTaskThread "GC Thread#2" [stack: 0x000000d7de900000,0x000000d7dea00000] [id=16196]
  0x000002106924a280 GCTaskThread "GC Thread#3" [stack: 0x000000d7dea00000,0x000000d7deb00000] [id=11708]
  0x000002104bec4a70 ConcurrentGCThread "G1 Main Marker" [stack: 0x000000d7dd600000,0x000000d7dd700000] [id=10136]
  0x000002104bec5c20 ConcurrentGCThread "G1 Conc#0" [stack: 0x000000d7dd700000,0x000000d7dd800000] [id=7772]
  0x00000210683420c0 ConcurrentGCThread "G1 Refine#0" [stack: 0x000000d7dd800000,0x000000d7dd900000] [id=5308]
  0x000002106b4cd370 ConcurrentGCThread "G1 Refine#1" [stack: 0x000000d7e2e00000,0x000000d7e2f00000] [id=6688]
  0x000002106bb11420 ConcurrentGCThread "G1 Refine#2" [stack: 0x000000d7e3200000,0x000000d7e3300000] [id=1580]
  0x0000021068342ae0 ConcurrentGCThread "G1 Service" [stack: 0x000000d7dd900000,0x000000d7dda00000] [id=5756]

Threads with active compile tasks:
C2 CompilerThread0    72302 15280   !   4       org.gradle.cache.internal.DefaultMultiProcessSafePersistentIndexedCache::getIfPresent (25 bytes)

VM state: not at safepoint (normal execution)

VM Mutex/Monitor currently owned by a thread: None

Heap address: 0x00000000a0000000, size: 1536 MB, Compressed Oops mode: 32-bit

CDS archive(s) mapped at: [0x0000000800000000-0x0000000800bc0000-0x0000000800bc0000), size 12320768, SharedBaseAddress: 0x0000000800000000, ArchiveRelocationMode: 0.
Compressed class space mapped at: 0x0000000800c00000-0x0000000840c00000, reserved size: 1073741824
Narrow klass base: 0x0000000800000000, Narrow klass shift: 0, Narrow klass range: 0x100000000

GC Precious Log:
 CPUs: 4 total, 4 available
 Memory: 12162M
 Large Page Support: Disabled
 NUMA Support: Disabled
 Compressed Oops: Enabled (32-bit)
 Heap Region Size: 1M
 Heap Min Capacity: 8M
 Heap Initial Capacity: 192M
 Heap Max Capacity: 1536M
 Pre-touch: Disabled
 Parallel Workers: 4
 Concurrent Workers: 1
 Concurrent Refinement Workers: 4
 Periodic GC: Disabled

Heap:
 garbage-first heap   total 260096K, used 215822K [0x00000000a0000000, 0x0000000100000000)
  region size 1024K, 5 young (5120K), 2 survivors (2048K)
 Metaspace       used 79740K, committed 80896K, reserved 1122304K
  class space    used 10865K, committed 11392K, reserved 1048576K

Heap Regions: E=young(eden), S=young(survivor), O=old, HS=humongous(starts), HC=humongous(continues), CS=collection set, F=free, OA=open archive, CA=closed archive, TAMS=top-at-mark-start (previous, next)
|   0|0x00000000a0000000, 0x00000000a0100000, 0x00000000a0100000|100%|HS|  |TAMS 0x00000000a0100000, 0x00000000a0000000| Complete 
|   1|0x00000000a0100000, 0x00000000a0200000, 0x00000000a0200000|100%|HC|  |TAMS 0x00000000a0200000, 0x00000000a0100000| Complete 
|   2|0x00000000a0200000, 0x00000000a0300000, 0x00000000a0300000|100%|HC|  |TAMS 0x00000000a0300000, 0x00000000a0200000| Complete 
|   3|0x00000000a0300000, 0x00000000a0400000, 0x00000000a0400000|100%| O|  |TAMS 0x00000000a0400000, 0x00000000a0300000| Untracked 
|   4|0x00000000a0400000, 0x00000000a0500000, 0x00000000a0500000|100%| O|  |TAMS 0x00000000a0500000, 0x00000000a0400000| Untracked 
|   5|0x00000000a0500000, 0x00000000a0600000, 0x00000000a0600000|100%| O|  |TAMS 0x00000000a0600000, 0x00000000a0500000| Untracked 
|   6|0x00000000a0600000, 0x00000000a0700000, 0x00000000a0700000|100%| O|  |TAMS 0x00000000a0700000, 0x00000000a0600000| Untracked 
|   7|0x00000000a0700000, 0x00000000a0800000, 0x00000000a0800000|100%| O|  |TAMS 0x00000000a0800000, 0x00000000a0700000| Untracked 
|   8|0x00000000a0800000, 0x00000000a0900000, 0x00000000a0900000|100%| O|  |TAMS 0x00000000a0900000, 0x00000000a0800000| Untracked 
|   9|0x00000000a0900000, 0x00000000a0a00000, 0x00000000a0a00000|100%| O|  |TAMS 0x00000000a0a00000, 0x00000000a0900000| Untracked 
|  10|0x00000000a0a00000, 0x00000000a0b00000, 0x00000000a0b00000|100%|HS|  |TAMS 0x00000000a0b00000, 0x00000000a0a00000| Complete 
|  11|0x00000000a0b00000, 0x00000000a0c00000, 0x00000000a0c00000|100%| O|  |TAMS 0x00000000a0c00000, 0x00000000a0b00000| Untracked 
|  12|0x00000000a0c00000, 0x00000000a0d00000, 0x00000000a0d00000|100%| O|  |TAMS 0x00000000a0d00000, 0x00000000a0c00000| Untracked 
|  13|0x00000000a0d00000, 0x00000000a0e00000, 0x00000000a0e00000|100%| O|  |TAMS 0x00000000a0e00000, 0x00000000a0d00000| Untracked 
|  14|0x00000000a0e00000, 0x00000000a0f00000, 0x00000000a0f00000|100%| O|  |TAMS 0x00000000a0f00000, 0x00000000a0e00000| Untracked 
|  15|0x00000000a0f00000, 0x00000000a1000000, 0x00000000a1000000|100%| O|  |TAMS 0x00000000a1000000, 0x00000000a0f00000| Untracked 
|  16|0x00000000a1000000, 0x00000000a1100000, 0x00000000a1100000|100%| O|  |TAMS 0x00000000a1100000, 0x00000000a1000000| Untracked 
|  17|0x00000000a1100000, 0x00000000a1200000, 0x00000000a1200000|100%| O|  |TAMS 0x00000000a1200000, 0x00000000a1100000| Untracked 
|  18|0x00000000a1200000, 0x00000000a1300000, 0x00000000a1300000|100%| O|  |TAMS 0x00000000a1300000, 0x00000000a1200000| Untracked 
|  19|0x00000000a1300000, 0x00000000a1400000, 0x00000000a1400000|100%| O|  |TAMS 0x00000000a1400000, 0x00000000a1300000| Untracked 
|  20|0x00000000a1400000, 0x00000000a1500000, 0x00000000a1500000|100%| O|  |TAMS 0x00000000a1500000, 0x00000000a1400000| Untracked 
|  21|0x00000000a1500000, 0x00000000a1600000, 0x00000000a1600000|100%| O|  |TAMS 0x00000000a1600000, 0x00000000a1500000| Untracked 
|  22|0x00000000a1600000, 0x00000000a1700000, 0x00000000a1700000|100%| O|  |TAMS 0x00000000a1700000, 0x00000000a1600000| Untracked 
|  23|0x00000000a1700000, 0x00000000a1800000, 0x00000000a1800000|100%| O|  |TAMS 0x00000000a1800000, 0x00000000a1700000| Untracked 
|  24|0x00000000a1800000, 0x00000000a1900000, 0x00000000a1900000|100%| O|  |TAMS 0x00000000a1900000, 0x00000000a1800000| Untracked 
|  25|0x00000000a1900000, 0x00000000a1a00000, 0x00000000a1a00000|100%| O|  |TAMS 0x00000000a1a00000, 0x00000000a1900000| Untracked 
|  26|0x00000000a1a00000, 0x00000000a1b00000, 0x00000000a1b00000|100%| O|  |TAMS 0x00000000a1b00000, 0x00000000a1a00000| Untracked 
|  27|0x00000000a1b00000, 0x00000000a1c00000, 0x00000000a1c00000|100%| O|  |TAMS 0x00000000a1c00000, 0x00000000a1b00000| Untracked 
|  28|0x00000000a1c00000, 0x00000000a1d00000, 0x00000000a1d00000|100%| O|  |TAMS 0x00000000a1d00000, 0x00000000a1c00000| Untracked 
|  29|0x00000000a1d00000, 0x00000000a1e00000, 0x00000000a1e00000|100%|HS|  |TAMS 0x00000000a1e00000, 0x00000000a1d00000| Complete 
|  30|0x00000000a1e00000, 0x00000000a1f00000, 0x00000000a1f00000|100%|HS|  |TAMS 0x00000000a1f00000, 0x00000000a1e00000| Complete 
|  31|0x00000000a1f00000, 0x00000000a2000000, 0x00000000a2000000|100%|HS|  |TAMS 0x00000000a2000000, 0x00000000a1f00000| Complete 
|  32|0x00000000a2000000, 0x00000000a2100000, 0x00000000a2100000|100%| O|  |TAMS 0x00000000a2100000, 0x00000000a2000000| Untracked 
|  33|0x00000000a2100000, 0x00000000a2200000, 0x00000000a2200000|100%| O|  |TAMS 0x00000000a2200000, 0x00000000a2100000| Untracked 
|  34|0x00000000a2200000, 0x00000000a2300000, 0x00000000a2300000|100%|HS|  |TAMS 0x00000000a2300000, 0x00000000a2200000| Complete 
|  35|0x00000000a2300000, 0x00000000a2400000, 0x00000000a2400000|100%| O|  |TAMS 0x00000000a2400000, 0x00000000a2300000| Untracked 
|  36|0x00000000a2400000, 0x00000000a2500000, 0x00000000a2500000|100%| O|  |TAMS 0x00000000a2500000, 0x00000000a2400000| Untracked 
|  37|0x00000000a2500000, 0x00000000a2600000, 0x00000000a2600000|100%|HS|  |TAMS 0x00000000a2600000, 0x00000000a2500000| Complete 
|  38|0x00000000a2600000, 0x00000000a2700000, 0x00000000a2700000|100%|HC|  |TAMS 0x00000000a2700000, 0x00000000a2600000| Complete 
|  39|0x00000000a2700000, 0x00000000a2800000, 0x00000000a2800000|100%|HC|  |TAMS 0x00000000a2800000, 0x00000000a2700000| Complete 
|  40|0x00000000a2800000, 0x00000000a2900000, 0x00000000a2900000|100%| O|  |TAMS 0x00000000a2900000, 0x00000000a2800000| Untracked 
|  41|0x00000000a2900000, 0x00000000a2a00000, 0x00000000a2a00000|100%| O|  |TAMS 0x00000000a2a00000, 0x00000000a2900000| Untracked 
|  42|0x00000000a2a00000, 0x00000000a2b00000, 0x00000000a2b00000|100%| O|  |TAMS 0x00000000a2b00000, 0x00000000a2a00000| Untracked 
|  43|0x00000000a2b00000, 0x00000000a2c00000, 0x00000000a2c00000|100%| O|  |TAMS 0x00000000a2c00000, 0x00000000a2b00000| Untracked 
|  44|0x00000000a2c00000, 0x00000000a2d00000, 0x00000000a2d00000|100%| O|  |TAMS 0x00000000a2d00000, 0x00000000a2c00000| Untracked 
|  45|0x00000000a2d00000, 0x00000000a2e00000, 0x00000000a2e00000|100%| O|  |TAMS 0x00000000a2e00000, 0x00000000a2d00000| Untracked 
|  46|0x00000000a2e00000, 0x00000000a2f00000, 0x00000000a2f00000|100%|HS|  |TAMS 0x00000000a2f00000, 0x00000000a2e00000| Complete 
|  47|0x00000000a2f00000, 0x00000000a3000000, 0x00000000a3000000|100%|HC|  |TAMS 0x00000000a3000000, 0x00000000a2f00000| Complete 
|  48|0x00000000a3000000, 0x00000000a3100000, 0x00000000a3100000|100%| O|  |TAMS 0x00000000a3100000, 0x00000000a3000000| Untracked 
|  49|0x00000000a3100000, 0x00000000a3200000, 0x00000000a3200000|100%| O|  |TAMS 0x00000000a3200000, 0x00000000a3100000| Untracked 
|  50|0x00000000a3200000, 0x00000000a3300000, 0x00000000a3300000|100%| O|  |TAMS 0x00000000a3300000, 0x00000000a3200000| Untracked 
|  51|0x00000000a3300000, 0x00000000a3400000, 0x00000000a3400000|100%| O|  |TAMS 0x00000000a3300000, 0x00000000a3300000| Untracked 
|  52|0x00000000a3400000, 0x00000000a3500000, 0x00000000a3500000|100%| O|  |TAMS 0x00000000a3500000, 0x00000000a3400000| Untracked 
|  53|0x00000000a3500000, 0x00000000a3600000, 0x00000000a3600000|100%| O|  |TAMS 0x00000000a3600000, 0x00000000a3500000| Untracked 
|  54|0x00000000a3600000, 0x00000000a3700000, 0x00000000a3700000|100%| O|  |TAMS 0x00000000a3700000, 0x00000000a3600000| Untracked 
|  55|0x00000000a3700000, 0x00000000a3800000, 0x00000000a3800000|100%| O|  |TAMS 0x00000000a3800000, 0x00000000a3700000| Untracked 
|  56|0x00000000a3800000, 0x00000000a3900000, 0x00000000a3900000|100%| O|  |TAMS 0x00000000a3900000, 0x00000000a3800000| Untracked 
|  57|0x00000000a3900000, 0x00000000a3a00000, 0x00000000a3a00000|100%| O|  |TAMS 0x00000000a3a00000, 0x00000000a3900000| Untracked 
|  58|0x00000000a3a00000, 0x00000000a3b00000, 0x00000000a3b00000|100%| O|  |TAMS 0x00000000a3b00000, 0x00000000a3a00000| Untracked 
|  59|0x00000000a3b00000, 0x00000000a3c00000, 0x00000000a3c00000|100%| O|  |TAMS 0x00000000a3c00000, 0x00000000a3b00000| Untracked 
|  60|0x00000000a3c00000, 0x00000000a3d00000, 0x00000000a3d00000|100%|HS|  |TAMS 0x00000000a3d00000, 0x00000000a3c00000| Complete 
|  61|0x00000000a3d00000, 0x00000000a3e00000, 0x00000000a3e00000|100%|HC|  |TAMS 0x00000000a3e00000, 0x00000000a3d00000| Complete 
|  62|0x00000000a3e00000, 0x00000000a3f00000, 0x00000000a3f00000|100%| O|  |TAMS 0x00000000a3f00000, 0x00000000a3e00000| Untracked 
|  63|0x00000000a3f00000, 0x00000000a4000000, 0x00000000a4000000|100%| O|  |TAMS 0x00000000a4000000, 0x00000000a3f00000| Untracked 
|  64|0x00000000a4000000, 0x00000000a4100000, 0x00000000a4100000|100%| O|  |TAMS 0x00000000a4100000, 0x00000000a4000000| Untracked 
|  65|0x00000000a4100000, 0x00000000a4200000, 0x00000000a4200000|100%| O|  |TAMS 0x00000000a4200000, 0x00000000a4100000| Untracked 
|  66|0x00000000a4200000, 0x00000000a4300000, 0x00000000a4300000|100%| O|  |TAMS 0x00000000a4300000, 0x00000000a4200000| Untracked 
|  67|0x00000000a4300000, 0x00000000a4400000, 0x00000000a4400000|100%| O|  |TAMS 0x00000000a4400000, 0x00000000a4300000| Untracked 
|  68|0x00000000a4400000, 0x00000000a4500000, 0x00000000a4500000|100%| O|  |TAMS 0x00000000a4500000, 0x00000000a4400000| Untracked 
|  69|0x00000000a4500000, 0x00000000a4600000, 0x00000000a4600000|100%|HS|  |TAMS 0x00000000a4500000, 0x00000000a4500000| Complete 
|  70|0x00000000a4600000, 0x00000000a4700000, 0x00000000a4700000|100%| O|  |TAMS 0x00000000a4600000, 0x00000000a4600000| Untracked 
|  71|0x00000000a4700000, 0x00000000a4800000, 0x00000000a4800000|100%| O|  |TAMS 0x00000000a4700000, 0x00000000a4700000| Untracked 
|  72|0x00000000a4800000, 0x00000000a4900000, 0x00000000a4900000|100%| O|  |TAMS 0x00000000a4800000, 0x00000000a4800000| Untracked 
|  73|0x00000000a4900000, 0x00000000a4a00000, 0x00000000a4a00000|100%| O|  |TAMS 0x00000000a4900000, 0x00000000a4900000| Untracked 
|  74|0x00000000a4a00000, 0x00000000a4b00000, 0x00000000a4b00000|100%| O|  |TAMS 0x00000000a4a00000, 0x00000000a4a00000| Untracked 
|  75|0x00000000a4b00000, 0x00000000a4c00000, 0x00000000a4c00000|100%| O|  |TAMS 0x00000000a4b00000, 0x00000000a4b00000| Untracked 
|  76|0x00000000a4c00000, 0x00000000a4d00000, 0x00000000a4d00000|100%| O|  |TAMS 0x00000000a4c00000, 0x00000000a4c00000| Untracked 
|  77|0x00000000a4d00000, 0x00000000a4e00000, 0x00000000a4e00000|100%| O|  |TAMS 0x00000000a4d00000, 0x00000000a4d00000| Untracked 
|  78|0x00000000a4e00000, 0x00000000a4f00000, 0x00000000a4f00000|100%| O|  |TAMS 0x00000000a4e00000, 0x00000000a4e00000| Untracked 
|  79|0x00000000a4f00000, 0x00000000a5000000, 0x00000000a5000000|100%| O|  |TAMS 0x00000000a4f00000, 0x00000000a4f00000| Untracked 
|  80|0x00000000a5000000, 0x00000000a5100000, 0x00000000a5100000|100%| O|  |TAMS 0x00000000a5000000, 0x00000000a5000000| Untracked 
|  81|0x00000000a5100000, 0x00000000a5200000, 0x00000000a5200000|100%|HS|  |TAMS 0x00000000a5100000, 0x00000000a5100000| Complete 
|  82|0x00000000a5200000, 0x00000000a5300000, 0x00000000a5300000|100%| O|  |TAMS 0x00000000a5200000, 0x00000000a5200000| Untracked 
|  83|0x00000000a5300000, 0x00000000a5400000, 0x00000000a5400000|100%| O|  |TAMS 0x00000000a5300000, 0x00000000a5300000| Untracked 
|  84|0x00000000a5400000, 0x00000000a5500000, 0x00000000a5500000|100%| O|  |TAMS 0x00000000a5400000, 0x00000000a5400000| Untracked 
|  85|0x00000000a5500000, 0x00000000a5600000, 0x00000000a5600000|100%| O|  |TAMS 0x00000000a5500000, 0x00000000a5500000| Untracked 
|  86|0x00000000a5600000, 0x00000000a5700000, 0x00000000a5700000|100%|HS|  |TAMS 0x00000000a5600000, 0x00000000a5600000| Complete 
|  87|0x00000000a5700000, 0x00000000a5800000, 0x00000000a5800000|100%|HS|  |TAMS 0x00000000a5700000, 0x00000000a5700000| Complete 
|  88|0x00000000a5800000, 0x00000000a5900000, 0x00000000a5900000|100%|HS|  |TAMS 0x00000000a5800000, 0x00000000a5800000| Complete 
|  89|0x00000000a5900000, 0x00000000a5a00000, 0x00000000a5a00000|100%|HC|  |TAMS 0x00000000a5900000, 0x00000000a5900000| Complete 
|  90|0x00000000a5a00000, 0x00000000a5b00000, 0x00000000a5b00000|100%|HC|  |TAMS 0x00000000a5a00000, 0x00000000a5a00000| Complete 
|  91|0x00000000a5b00000, 0x00000000a5c00000, 0x00000000a5c00000|100%| O|  |TAMS 0x00000000a5b00000, 0x00000000a5b00000| Untracked 
|  92|0x00000000a5c00000, 0x00000000a5d00000, 0x00000000a5d00000|100%| O|  |TAMS 0x00000000a5c00000, 0x00000000a5c00000| Untracked 
|  93|0x00000000a5d00000, 0x00000000a5e00000, 0x00000000a5e00000|100%| O|  |TAMS 0x00000000a5d00000, 0x00000000a5d00000| Untracked 
|  94|0x00000000a5e00000, 0x00000000a5f00000, 0x00000000a5f00000|100%| O|  |TAMS 0x00000000a5e00000, 0x00000000a5e00000| Untracked 
|  95|0x00000000a5f00000, 0x00000000a6000000, 0x00000000a6000000|100%| O|  |TAMS 0x00000000a5f00000, 0x00000000a5f00000| Untracked 
|  96|0x00000000a6000000, 0x00000000a6100000, 0x00000000a6100000|100%| O|  |TAMS 0x00000000a6000000, 0x00000000a6000000| Untracked 
|  97|0x00000000a6100000, 0x00000000a6200000, 0x00000000a6200000|100%| O|  |TAMS 0x00000000a6100000, 0x00000000a6100000| Untracked 
|  98|0x00000000a6200000, 0x00000000a6300000, 0x00000000a6300000|100%| O|  |TAMS 0x00000000a6200000, 0x00000000a6200000| Untracked 
|  99|0x00000000a6300000, 0x00000000a6400000, 0x00000000a6400000|100%| O|  |TAMS 0x00000000a6300000, 0x00000000a6300000| Untracked 
| 100|0x00000000a6400000, 0x00000000a6500000, 0x00000000a6500000|100%| O|  |TAMS 0x00000000a6400000, 0x00000000a6400000| Untracked 
| 101|0x00000000a6500000, 0x00000000a6600000, 0x00000000a6600000|100%| O|  |TAMS 0x00000000a6500000, 0x00000000a6500000| Untracked 
| 102|0x00000000a6600000, 0x00000000a6700000, 0x00000000a6700000|100%| O|  |TAMS 0x00000000a6600000, 0x00000000a6600000| Untracked 
| 103|0x00000000a6700000, 0x00000000a6800000, 0x00000000a6800000|100%| O|  |TAMS 0x00000000a6700000, 0x00000000a6700000| Untracked 
| 104|0x00000000a6800000, 0x00000000a6900000, 0x00000000a6900000|100%| O|  |TAMS 0x00000000a6800000, 0x00000000a6800000| Untracked 
| 105|0x00000000a6900000, 0x00000000a6a00000, 0x00000000a6a00000|100%| O|  |TAMS 0x00000000a6900000, 0x00000000a6900000| Untracked 
| 106|0x00000000a6a00000, 0x00000000a6b00000, 0x00000000a6b00000|100%| O|  |TAMS 0x00000000a6a00000, 0x00000000a6a00000| Untracked 
| 107|0x00000000a6b00000, 0x00000000a6c00000, 0x00000000a6c00000|100%| O|  |TAMS 0x00000000a6b00000, 0x00000000a6b00000| Untracked 
| 108|0x00000000a6c00000, 0x00000000a6d00000, 0x00000000a6d00000|100%|HS|  |TAMS 0x00000000a6c00000, 0x00000000a6c00000| Complete 
| 109|0x00000000a6d00000, 0x00000000a6e00000, 0x00000000a6e00000|100%|HS|  |TAMS 0x00000000a6d00000, 0x00000000a6d00000| Complete 
| 110|0x00000000a6e00000, 0x00000000a6f00000, 0x00000000a6f00000|100%|HS|  |TAMS 0x00000000a6e00000, 0x00000000a6e00000| Complete 
| 111|0x00000000a6f00000, 0x00000000a7000000, 0x00000000a7000000|100%|HS|  |TAMS 0x00000000a6f00000, 0x00000000a6f00000| Complete 
| 112|0x00000000a7000000, 0x00000000a7100000, 0x00000000a7100000|100%|HC|  |TAMS 0x00000000a7000000, 0x00000000a7000000| Complete 
| 113|0x00000000a7100000, 0x00000000a7200000, 0x00000000a7200000|100%|HC|  |TAMS 0x00000000a7100000, 0x00000000a7100000| Complete 
| 114|0x00000000a7200000, 0x00000000a7300000, 0x00000000a7300000|100%|HC|  |TAMS 0x00000000a7200000, 0x00000000a7200000| Complete 
| 115|0x00000000a7300000, 0x00000000a7400000, 0x00000000a7400000|100%| O|  |TAMS 0x00000000a7300000, 0x00000000a7300000| Untracked 
| 116|0x00000000a7400000, 0x00000000a7500000, 0x00000000a7500000|100%| O|  |TAMS 0x00000000a7400000, 0x00000000a7400000| Untracked 
| 117|0x00000000a7500000, 0x00000000a7600000, 0x00000000a7600000|100%| O|  |TAMS 0x00000000a7500000, 0x00000000a7500000| Untracked 
| 118|0x00000000a7600000, 0x00000000a7700000, 0x00000000a7700000|100%| O|  |TAMS 0x00000000a7600000, 0x00000000a7600000| Untracked 
| 119|0x00000000a7700000, 0x00000000a7800000, 0x00000000a7800000|100%| O|  |TAMS 0x00000000a7700000, 0x00000000a7700000| Untracked 
| 120|0x00000000a7800000, 0x00000000a7900000, 0x00000000a7900000|100%| O|  |TAMS 0x00000000a7800000, 0x00000000a7800000| Untracked 
| 121|0x00000000a7900000, 0x00000000a7a00000, 0x00000000a7a00000|100%| O|  |TAMS 0x00000000a7900000, 0x00000000a7900000| Untracked 
| 122|0x00000000a7a00000, 0x00000000a7b00000, 0x00000000a7b00000|100%| O|  |TAMS 0x00000000a7a00000, 0x00000000a7a00000| Untracked 
| 123|0x00000000a7b00000, 0x00000000a7c00000, 0x00000000a7c00000|100%| O|  |TAMS 0x00000000a7b00000, 0x00000000a7b00000| Untracked 
| 124|0x00000000a7c00000, 0x00000000a7d00000, 0x00000000a7d00000|100%| O|  |TAMS 0x00000000a7c00000, 0x00000000a7c00000| Untracked 
| 125|0x00000000a7d00000, 0x00000000a7e00000, 0x00000000a7e00000|100%| O|  |TAMS 0x00000000a7d00000, 0x00000000a7d00000| Untracked 
| 126|0x00000000a7e00000, 0x00000000a7f00000, 0x00000000a7f00000|100%| O|  |TAMS 0x00000000a7e00000, 0x00000000a7e00000| Untracked 
| 127|0x00000000a7f00000, 0x00000000a8000000, 0x00000000a8000000|100%| O|  |TAMS 0x00000000a7f00000, 0x00000000a7f00000| Untracked 
| 128|0x00000000a8000000, 0x00000000a8100000, 0x00000000a8100000|100%| O|  |TAMS 0x00000000a8000000, 0x00000000a8000000| Untracked 
| 129|0x00000000a8100000, 0x00000000a8200000, 0x00000000a8200000|100%| O|  |TAMS 0x00000000a8100000, 0x00000000a8100000| Untracked 
| 130|0x00000000a8200000, 0x00000000a8300000, 0x00000000a8300000|100%| O|  |TAMS 0x00000000a8200000, 0x00000000a8200000| Untracked 
| 131|0x00000000a8300000, 0x00000000a8400000, 0x00000000a8400000|100%| O|  |TAMS 0x00000000a8300000, 0x00000000a8300000| Untracked 
| 132|0x00000000a8400000, 0x00000000a8500000, 0x00000000a8500000|100%| O|  |TAMS 0x00000000a8400000, 0x00000000a8400000| Untracked 
| 133|0x00000000a8500000, 0x00000000a8600000, 0x00000000a8600000|100%| O|  |TAMS 0x00000000a8500000, 0x00000000a8500000| Untracked 
| 134|0x00000000a8600000, 0x00000000a8700000, 0x00000000a8700000|100%| O|  |TAMS 0x00000000a8600000, 0x00000000a8600000| Untracked 
| 135|0x00000000a8700000, 0x00000000a8800000, 0x00000000a8800000|100%| O|  |TAMS 0x00000000a8700000, 0x00000000a8700000| Untracked 
| 136|0x00000000a8800000, 0x00000000a8900000, 0x00000000a8900000|100%| O|  |TAMS 0x00000000a8800000, 0x00000000a8800000| Untracked 
| 137|0x00000000a8900000, 0x00000000a8a00000, 0x00000000a8a00000|100%| O|  |TAMS 0x00000000a8900000, 0x00000000a8900000| Untracked 
| 138|0x00000000a8a00000, 0x00000000a8b00000, 0x00000000a8b00000|100%| O|  |TAMS 0x00000000a8a00000, 0x00000000a8a00000| Untracked 
| 139|0x00000000a8b00000, 0x00000000a8c00000, 0x00000000a8c00000|100%| O|  |TAMS 0x00000000a8b00000, 0x00000000a8b00000| Untracked 
| 140|0x00000000a8c00000, 0x00000000a8d00000, 0x00000000a8d00000|100%| O|  |TAMS 0x00000000a8c00000, 0x00000000a8c00000| Untracked 
| 141|0x00000000a8d00000, 0x00000000a8e00000, 0x00000000a8e00000|100%| O|  |TAMS 0x00000000a8d00000, 0x00000000a8d00000| Untracked 
| 142|0x00000000a8e00000, 0x00000000a8f00000, 0x00000000a8f00000|100%| O|  |TAMS 0x00000000a8e00000, 0x00000000a8e00000| Untracked 
| 143|0x00000000a8f00000, 0x00000000a9000000, 0x00000000a9000000|100%| O|  |TAMS 0x00000000a8f00000, 0x00000000a8f00000| Untracked 
| 144|0x00000000a9000000, 0x00000000a9100000, 0x00000000a9100000|100%| O|  |TAMS 0x00000000a9000000, 0x00000000a9000000| Untracked 
| 145|0x00000000a9100000, 0x00000000a9200000, 0x00000000a9200000|100%| O|  |TAMS 0x00000000a9100000, 0x00000000a9100000| Untracked 
| 146|0x00000000a9200000, 0x00000000a9300000, 0x00000000a9300000|100%| O|  |TAMS 0x00000000a9200000, 0x00000000a9200000| Untracked 
| 147|0x00000000a9300000, 0x00000000a9400000, 0x00000000a9400000|100%| O|  |TAMS 0x00000000a9300000, 0x00000000a9300000| Untracked 
| 148|0x00000000a9400000, 0x00000000a9500000, 0x00000000a9500000|100%| O|  |TAMS 0x00000000a9400000, 0x00000000a9400000| Untracked 
| 149|0x00000000a9500000, 0x00000000a9600000, 0x00000000a9600000|100%| O|  |TAMS 0x00000000a9500000, 0x00000000a9500000| Untracked 
| 150|0x00000000a9600000, 0x00000000a9700000, 0x00000000a9700000|100%| O|  |TAMS 0x00000000a9600000, 0x00000000a9600000| Untracked 
| 151|0x00000000a9700000, 0x00000000a9800000, 0x00000000a9800000|100%| O|  |TAMS 0x00000000a9700000, 0x00000000a9700000| Untracked 
| 152|0x00000000a9800000, 0x00000000a9900000, 0x00000000a9900000|100%| O|  |TAMS 0x00000000a9800000, 0x00000000a9800000| Untracked 
| 153|0x00000000a9900000, 0x00000000a9a00000, 0x00000000a9a00000|100%| O|  |TAMS 0x00000000a9900000, 0x00000000a9900000| Untracked 
| 154|0x00000000a9a00000, 0x00000000a9b00000, 0x00000000a9b00000|100%| O|  |TAMS 0x00000000a9a00000, 0x00000000a9a00000| Untracked 
| 155|0x00000000a9b00000, 0x00000000a9c00000, 0x00000000a9c00000|100%| O|  |TAMS 0x00000000a9b00000, 0x00000000a9b00000| Untracked 
| 156|0x00000000a9c00000, 0x00000000a9d00000, 0x00000000a9d00000|100%| O|  |TAMS 0x00000000a9c00000, 0x00000000a9c00000| Untracked 
| 157|0x00000000a9d00000, 0x00000000a9e00000, 0x00000000a9e00000|100%| O|  |TAMS 0x00000000a9d00000, 0x00000000a9d00000| Untracked 
| 158|0x00000000a9e00000, 0x00000000a9f00000, 0x00000000a9f00000|100%| O|  |TAMS 0x00000000a9e00000, 0x00000000a9e00000| Untracked 
| 159|0x00000000a9f00000, 0x00000000aa000000, 0x00000000aa000000|100%| O|  |TAMS 0x00000000a9f00000, 0x00000000a9f00000| Untracked 
| 160|0x00000000aa000000, 0x00000000aa100000, 0x00000000aa100000|100%| O|  |TAMS 0x00000000aa000000, 0x00000000aa000000| Untracked 
| 161|0x00000000aa100000, 0x00000000aa200000, 0x00000000aa200000|100%| O|  |TAMS 0x00000000aa100000, 0x00000000aa100000| Untracked 
| 162|0x00000000aa200000, 0x00000000aa300000, 0x00000000aa300000|100%| O|  |TAMS 0x00000000aa200000, 0x00000000aa200000| Untracked 
| 163|0x00000000aa300000, 0x00000000aa400000, 0x00000000aa400000|100%| O|  |TAMS 0x00000000aa300000, 0x00000000aa300000| Untracked 
| 164|0x00000000aa400000, 0x00000000aa500000, 0x00000000aa500000|100%| O|  |TAMS 0x00000000aa400000, 0x00000000aa400000| Untracked 
| 165|0x00000000aa500000, 0x00000000aa600000, 0x00000000aa600000|100%| O|  |TAMS 0x00000000aa500000, 0x00000000aa500000| Untracked 
| 166|0x00000000aa600000, 0x00000000aa700000, 0x00000000aa700000|100%| O|  |TAMS 0x00000000aa600000, 0x00000000aa600000| Untracked 
| 167|0x00000000aa700000, 0x00000000aa800000, 0x00000000aa800000|100%| O|  |TAMS 0x00000000aa700000, 0x00000000aa700000| Untracked 
| 168|0x00000000aa800000, 0x00000000aa900000, 0x00000000aa900000|100%| O|  |TAMS 0x00000000aa800000, 0x00000000aa800000| Untracked 
| 169|0x00000000aa900000, 0x00000000aaa00000, 0x00000000aaa00000|100%| O|  |TAMS 0x00000000aa900000, 0x00000000aa900000| Untracked 
| 170|0x00000000aaa00000, 0x00000000aab00000, 0x00000000aab00000|100%| O|  |TAMS 0x00000000aaa00000, 0x00000000aaa00000| Untracked 
| 171|0x00000000aab00000, 0x00000000aac00000, 0x00000000aac00000|100%| O|  |TAMS 0x00000000aab00000, 0x00000000aab00000| Untracked 
| 172|0x00000000aac00000, 0x00000000aad00000, 0x00000000aad00000|100%| O|  |TAMS 0x00000000aac00000, 0x00000000aac00000| Untracked 
| 173|0x00000000aad00000, 0x00000000aae00000, 0x00000000aae00000|100%| O|  |TAMS 0x00000000aad00000, 0x00000000aad00000| Untracked 
| 174|0x00000000aae00000, 0x00000000aaf00000, 0x00000000aaf00000|100%| O|  |TAMS 0x00000000aae00000, 0x00000000aae00000| Untracked 
| 175|0x00000000aaf00000, 0x00000000ab000000, 0x00000000ab000000|100%| O|  |TAMS 0x00000000aaf00000, 0x00000000aaf00000| Untracked 
| 176|0x00000000ab000000, 0x00000000ab100000, 0x00000000ab100000|100%| O|  |TAMS 0x00000000ab000000, 0x00000000ab000000| Untracked 
| 177|0x00000000ab100000, 0x00000000ab200000, 0x00000000ab200000|100%| O|  |TAMS 0x00000000ab100000, 0x00000000ab100000| Untracked 
| 178|0x00000000ab200000, 0x00000000ab300000, 0x00000000ab300000|100%| O|  |TAMS 0x00000000ab200000, 0x00000000ab200000| Untracked 
| 179|0x00000000ab300000, 0x00000000ab400000, 0x00000000ab400000|100%| O|  |TAMS 0x00000000ab300000, 0x00000000ab300000| Untracked 
| 180|0x00000000ab400000, 0x00000000ab500000, 0x00000000ab500000|100%| O|  |TAMS 0x00000000ab400000, 0x00000000ab400000| Untracked 
| 181|0x00000000ab500000, 0x00000000ab600000, 0x00000000ab600000|100%| O|  |TAMS 0x00000000ab500000, 0x00000000ab500000| Untracked 
| 182|0x00000000ab600000, 0x00000000ab700000, 0x00000000ab700000|100%| O|  |TAMS 0x00000000ab600000, 0x00000000ab600000| Untracked 
| 183|0x00000000ab700000, 0x00000000ab800000, 0x00000000ab800000|100%| O|  |TAMS 0x00000000ab700000, 0x00000000ab700000| Untracked 
| 184|0x00000000ab800000, 0x00000000ab900000, 0x00000000ab900000|100%| O|  |TAMS 0x00000000ab800000, 0x00000000ab800000| Untracked 
| 185|0x00000000ab900000, 0x00000000aba00000, 0x00000000aba00000|100%| O|  |TAMS 0x00000000ab900000, 0x00000000ab900000| Untracked 
| 186|0x00000000aba00000, 0x00000000abb00000, 0x00000000abb00000|100%| O|  |TAMS 0x00000000aba00000, 0x00000000aba00000| Untracked 
| 187|0x00000000abb00000, 0x00000000abc00000, 0x00000000abc00000|100%| O|  |TAMS 0x00000000abb00000, 0x00000000abb00000| Untracked 
| 188|0x00000000abc00000, 0x00000000abd00000, 0x00000000abd00000|100%| O|  |TAMS 0x00000000abc00000, 0x00000000abc00000| Untracked 
| 189|0x00000000abd00000, 0x00000000abe00000, 0x00000000abe00000|100%| O|  |TAMS 0x00000000abd00000, 0x00000000abd00000| Untracked 
| 190|0x00000000abe00000, 0x00000000abf00000, 0x00000000abf00000|100%| O|  |TAMS 0x00000000abe00000, 0x00000000abe00000| Untracked 
| 191|0x00000000abf00000, 0x00000000ac000000, 0x00000000ac000000|100%| O|  |TAMS 0x00000000abf00000, 0x00000000abf00000| Untracked 
| 192|0x00000000ac000000, 0x00000000ac100000, 0x00000000ac100000|100%| O|  |TAMS 0x00000000ac000000, 0x00000000ac000000| Untracked 
| 193|0x00000000ac100000, 0x00000000ac200000, 0x00000000ac200000|100%| O|  |TAMS 0x00000000ac100000, 0x00000000ac100000| Untracked 
| 194|0x00000000ac200000, 0x00000000ac300000, 0x00000000ac300000|100%| O|  |TAMS 0x00000000ac200000, 0x00000000ac200000| Untracked 
| 195|0x00000000ac300000, 0x00000000ac400000, 0x00000000ac400000|100%| O|  |TAMS 0x00000000ac300000, 0x00000000ac300000| Untracked 
| 196|0x00000000ac400000, 0x00000000ac500000, 0x00000000ac500000|100%| O|  |TAMS 0x00000000ac400000, 0x00000000ac400000| Untracked 
| 197|0x00000000ac500000, 0x00000000ac600000, 0x00000000ac600000|100%| O|  |TAMS 0x00000000ac500000, 0x00000000ac500000| Untracked 
| 198|0x00000000ac600000, 0x00000000ac700000, 0x00000000ac700000|100%| O|  |TAMS 0x00000000ac600000, 0x00000000ac600000| Untracked 
| 199|0x00000000ac700000, 0x00000000ac800000, 0x00000000ac800000|100%| O|  |TAMS 0x00000000ac700000, 0x00000000ac700000| Untracked 
| 200|0x00000000ac800000, 0x00000000ac900000, 0x00000000ac900000|100%| O|  |TAMS 0x00000000ac800000, 0x00000000ac800000| Untracked 
| 201|0x00000000ac900000, 0x00000000aca00000, 0x00000000aca00000|100%| O|  |TAMS 0x00000000ac900000, 0x00000000ac900000| Untracked 
| 202|0x00000000aca00000, 0x00000000acb00000, 0x00000000acb00000|100%| O|  |TAMS 0x00000000aca00000, 0x00000000aca00000| Untracked 
| 203|0x00000000acb00000, 0x00000000acc00000, 0x00000000acc00000|100%| O|  |TAMS 0x00000000acb00000, 0x00000000acb00000| Untracked 
| 204|0x00000000acc00000, 0x00000000acd00000, 0x00000000acd00000|100%| O|  |TAMS 0x00000000acc00000, 0x00000000acc00000| Untracked 
| 205|0x00000000acd00000, 0x00000000ace00000, 0x00000000ace00000|100%| O|  |TAMS 0x00000000acd00000, 0x00000000acd00000| Untracked 
| 206|0x00000000ace00000, 0x00000000acec3800, 0x00000000acf00000| 76%| O|  |TAMS 0x00000000ace00000, 0x00000000ace00000| Untracked 
| 207|0x00000000acf00000, 0x00000000acf00000, 0x00000000ad000000|  0%| F|  |TAMS 0x00000000acf00000, 0x00000000acf00000| Untracked 
| 208|0x00000000ad000000, 0x00000000ad000000, 0x00000000ad100000|  0%| F|  |TAMS 0x00000000ad000000, 0x00000000ad000000| Untracked 
| 209|0x00000000ad100000, 0x00000000ad100000, 0x00000000ad200000|  0%| F|  |TAMS 0x00000000ad100000, 0x00000000ad100000| Untracked 
| 210|0x00000000ad200000, 0x00000000ad200000, 0x00000000ad300000|  0%| F|  |TAMS 0x00000000ad200000, 0x00000000ad200000| Untracked 
| 211|0x00000000ad300000, 0x00000000ad300000, 0x00000000ad400000|  0%| F|  |TAMS 0x00000000ad300000, 0x00000000ad300000| Untracked 
| 212|0x00000000ad400000, 0x00000000ad400000, 0x00000000ad500000|  0%| F|  |TAMS 0x00000000ad400000, 0x00000000ad400000| Untracked 
| 213|0x00000000ad500000, 0x00000000ad500000, 0x00000000ad600000|  0%| F|  |TAMS 0x00000000ad500000, 0x00000000ad500000| Untracked 
| 214|0x00000000ad600000, 0x00000000ad600000, 0x00000000ad700000|  0%| F|  |TAMS 0x00000000ad600000, 0x00000000ad600000| Untracked 
| 215|0x00000000ad700000, 0x00000000ad700000, 0x00000000ad800000|  0%| F|  |TAMS 0x00000000ad700000, 0x00000000ad700000| Untracked 
| 216|0x00000000ad800000, 0x00000000ad800000, 0x00000000ad900000|  0%| F|  |TAMS 0x00000000ad800000, 0x00000000ad800000| Untracked 
| 217|0x00000000ad900000, 0x00000000ad900000, 0x00000000ada00000|  0%| F|  |TAMS 0x00000000ad900000, 0x00000000ad900000| Untracked 
| 218|0x00000000ada00000, 0x00000000ada00000, 0x00000000adb00000|  0%| F|  |TAMS 0x00000000ada00000, 0x00000000ada00000| Untracked 
| 219|0x00000000adb00000, 0x00000000adb00000, 0x00000000adc00000|  0%| F|  |TAMS 0x00000000adb00000, 0x00000000adb00000| Untracked 
| 220|0x00000000adc00000, 0x00000000adc00000, 0x00000000add00000|  0%| F|  |TAMS 0x00000000adc00000, 0x00000000adc00000| Untracked 
| 221|0x00000000add00000, 0x00000000add00000, 0x00000000ade00000|  0%| F|  |TAMS 0x00000000add00000, 0x00000000add00000| Untracked 
| 222|0x00000000ade00000, 0x00000000ade00000, 0x00000000adf00000|  0%| F|  |TAMS 0x00000000ade00000, 0x00000000ade00000| Untracked 
| 223|0x00000000adf00000, 0x00000000adf00000, 0x00000000ae000000|  0%| F|  |TAMS 0x00000000adf00000, 0x00000000adf00000| Untracked 
| 224|0x00000000ae000000, 0x00000000ae000000, 0x00000000ae100000|  0%| F|  |TAMS 0x00000000ae000000, 0x00000000ae000000| Untracked 
| 225|0x00000000ae100000, 0x00000000ae100000, 0x00000000ae200000|  0%| F|  |TAMS 0x00000000ae100000, 0x00000000ae100000| Untracked 
| 226|0x00000000ae200000, 0x00000000ae200000, 0x00000000ae300000|  0%| F|  |TAMS 0x00000000ae200000, 0x00000000ae200000| Untracked 
| 227|0x00000000ae300000, 0x00000000ae300000, 0x00000000ae400000|  0%| F|  |TAMS 0x00000000ae300000, 0x00000000ae300000| Untracked 
| 228|0x00000000ae400000, 0x00000000ae400000, 0x00000000ae500000|  0%| F|  |TAMS 0x00000000ae400000, 0x00000000ae400000| Untracked 
| 229|0x00000000ae500000, 0x00000000ae500000, 0x00000000ae600000|  0%| F|  |TAMS 0x00000000ae500000, 0x00000000ae500000| Untracked 
| 230|0x00000000ae600000, 0x00000000ae600000, 0x00000000ae700000|  0%| F|  |TAMS 0x00000000ae600000, 0x00000000ae600000| Untracked 
| 231|0x00000000ae700000, 0x00000000ae700000, 0x00000000ae800000|  0%| F|  |TAMS 0x00000000ae700000, 0x00000000ae700000| Untracked 
| 232|0x00000000ae800000, 0x00000000ae800000, 0x00000000ae900000|  0%| F|  |TAMS 0x00000000ae800000, 0x00000000ae800000| Untracked 
| 233|0x00000000ae900000, 0x00000000ae900000, 0x00000000aea00000|  0%| F|  |TAMS 0x00000000ae900000, 0x00000000ae900000| Untracked 
| 234|0x00000000aea00000, 0x00000000aea00000, 0x00000000aeb00000|  0%| F|  |TAMS 0x00000000aea00000, 0x00000000aea00000| Untracked 
| 235|0x00000000aeb00000, 0x00000000aeb00000, 0x00000000aec00000|  0%| F|  |TAMS 0x00000000aeb00000, 0x00000000aeb00000| Untracked 
| 236|0x00000000aec00000, 0x00000000aec00000, 0x00000000aed00000|  0%| F|  |TAMS 0x00000000aec00000, 0x00000000aec00000| Untracked 
| 237|0x00000000aed00000, 0x00000000aee00000, 0x00000000aee00000|100%| S|CS|TAMS 0x00000000aed00000, 0x00000000aed00000| Complete 
| 238|0x00000000aee00000, 0x00000000aee00000, 0x00000000aef00000|  0%| F|  |TAMS 0x00000000aee00000, 0x00000000aee00000| Untracked 
| 239|0x00000000aef00000, 0x00000000aef00000, 0x00000000af000000|  0%| F|  |TAMS 0x00000000aef00000, 0x00000000aef00000| Untracked 
| 240|0x00000000af000000, 0x00000000af100000, 0x00000000af100000|100%| S|CS|TAMS 0x00000000af000000, 0x00000000af000000| Complete 
| 241|0x00000000af100000, 0x00000000af100000, 0x00000000af200000|  0%| F|  |TAMS 0x00000000af100000, 0x00000000af100000| Untracked 
| 242|0x00000000af200000, 0x00000000af200000, 0x00000000af300000|  0%| F|  |TAMS 0x00000000af200000, 0x00000000af200000| Untracked 
| 243|0x00000000af300000, 0x00000000af300000, 0x00000000af400000|  0%| F|  |TAMS 0x00000000af300000, 0x00000000af300000| Untracked 
| 244|0x00000000af400000, 0x00000000af400000, 0x00000000af500000|  0%| F|  |TAMS 0x00000000af400000, 0x00000000af400000| Untracked 
| 245|0x00000000af500000, 0x00000000af500000, 0x00000000af600000|  0%| F|  |TAMS 0x00000000af500000, 0x00000000af500000| Untracked 
| 246|0x00000000af600000, 0x00000000af600000, 0x00000000af700000|  0%| F|  |TAMS 0x00000000af600000, 0x00000000af600000| Untracked 
| 247|0x00000000af700000, 0x00000000af700000, 0x00000000af800000|  0%| F|  |TAMS 0x00000000af700000, 0x00000000af700000| Untracked 
| 248|0x00000000af800000, 0x00000000af800000, 0x00000000af900000|  0%| F|  |TAMS 0x00000000af800000, 0x00000000af800000| Untracked 
| 282|0x00000000b1a00000, 0x00000000b1a00000, 0x00000000b1b00000|  0%| F|  |TAMS 0x00000000b1a00000, 0x00000000b1a00000| Untracked 
| 283|0x00000000b1b00000, 0x00000000b1b00000, 0x00000000b1c00000|  0%| F|  |TAMS 0x00000000b1b00000, 0x00000000b1b00000| Untracked 
| 284|0x00000000b1c00000, 0x00000000b1c9c448, 0x00000000b1d00000| 61%| E|  |TAMS 0x00000000b1c00000, 0x00000000b1c00000| Complete 
| 285|0x00000000b1d00000, 0x00000000b1e00000, 0x00000000b1e00000|100%| E|CS|TAMS 0x00000000b1d00000, 0x00000000b1d00000| Complete 
| 286|0x00000000b1e00000, 0x00000000b1f00000, 0x00000000b1f00000|100%| E|CS|TAMS 0x00000000b1e00000, 0x00000000b1e00000| Complete 

Card table byte_map: [0x00000210629e0000,0x0000021062ce0000] _byte_map_base: 0x00000210624e0000

Marking Bits (Prev, Next): (CMBitMap*) 0x000002104beb8180, (CMBitMap*) 0x000002104beb8140
 Prev Bits: [0x00000210647e0000, 0x0000021065fe0000)
 Next Bits: [0x0000021062fe0000, 0x00000210647e0000)

Polling page: 0x0000021049df0000

Metaspace:

Usage:
  Non-class:     67.26 MB used.
      Class:     10.61 MB used.
       Both:     77.87 MB used.

Virtual space:
  Non-class space:       72.00 MB reserved,      67.88 MB ( 94%) committed,  9 nodes.
      Class space:        1.00 GB reserved,      11.12 MB (  1%) committed,  1 nodes.
             Both:        1.07 GB reserved,      79.00 MB (  7%) committed. 

Chunk freelists:
   Non-Class:  3.89 MB
       Class:  913.00 KB
        Both:  4.78 MB

MaxMetaspaceSize: unlimited
CompressedClassSpaceSize: 1.00 GB
Initial GC threshold: 21.00 MB
Current GC threshold: 94.38 MB
CDS: on
MetaspaceReclaimPolicy: balanced
 - commit_granule_bytes: 65536.
 - commit_granule_words: 8192.
 - virtual_space_node_default_size: 1048576.
 - enlarge_chunks_in_place: 1.
 - new_chunks_are_fully_committed: 0.
 - uncommit_free_chunks: 1.
 - use_allocation_guard: 0.
 - handle_deallocations: 1.


Internal statistics:

num_allocs_failed_limit: 6.
num_arena_births: 1430.
num_arena_deaths: 0.
num_vsnodes_births: 10.
num_vsnodes_deaths: 0.
num_space_committed: 1264.
num_space_uncommitted: 0.
num_chunks_returned_to_freelist: 6.
num_chunks_taken_from_freelist: 5090.
num_chunk_merges: 6.
num_chunk_splits: 3131.
num_chunks_enlarged: 1803.
num_purges: 0.
num_inconsistent_stats: 0.

CodeHeap 'non-profiled nmethods': size=120000Kb used=10721Kb max_used=10721Kb free=109278Kb
 bounds [0x000002105b1b0000, 0x000002105bc30000, 0x00000210626e0000]
CodeHeap 'profiled nmethods': size=120000Kb used=24986Kb max_used=24986Kb free=95014Kb
 bounds [0x0000021053c80000, 0x00000210554f0000, 0x000002105b1b0000]
CodeHeap 'non-nmethods': size=5760Kb used=2377Kb max_used=2454Kb free=3382Kb
 bounds [0x00000210536e0000, 0x0000021053950000, 0x0000021053c80000]
 total_blobs=13838 nmethods=12933 adapters=817
 compilation: enabled
              stopped_count=0, restarted_count=0
 full_count=0

Compilation events (20 events):
Event: 71.905 Thread 0x00000210684ac4e0 nmethod 15270 0x000002105bc23c90 code [0x000002105bc23e20, 0x000002105bc23ed8]
Event: 71.953 Thread 0x00000210684ac4e0 15271       3       com.esotericsoftware.kryo.io.Input::readVarInt (192 bytes)
Event: 71.954 Thread 0x00000210684ac4e0 nmethod 15271 0x00000210554e7210 code [0x00000210554e73e0, 0x00000210554e7878]
Event: 71.954 Thread 0x00000210684a9af0 15272       4       org.gradle.internal.component.external.model.GradleDependencyMetadata::<init> (30 bytes)
Event: 71.956 Thread 0x00000210684ac4e0 15275       2       com.google.common.collect.AbstractMapBasedMultimap$WrappedCollection::refreshIfEmpty (78 bytes)
Event: 71.957 Thread 0x00000210684ac4e0 nmethod 15275 0x00000210554e7a10 code [0x00000210554e7be0, 0x00000210554e7f38]
Event: 71.960 Thread 0x00000210684a9af0 nmethod 15272 0x000002105bc23f90 code [0x000002105bc24100, 0x000002105bc24578]
Event: 71.960 Thread 0x00000210684a9af0 15274       4       org.gradle.internal.component.external.model.GradleDependencyMetadata::hashCode (57 bytes)
Event: 71.971 Thread 0x00000210684a9af0 nmethod 15274 0x000002105bc24690 code [0x000002105bc24820, 0x000002105bc24d58]
Event: 71.971 Thread 0x00000210684a9af0 15273       4       org.gradle.internal.component.external.model.GradleDependencyMetadata::<init> (44 bytes)
Event: 71.977 Thread 0x00000210684a9af0 nmethod 15273 0x000002105bc24e90 code [0x000002105bc25000, 0x000002105bc25458]
Event: 72.001 Thread 0x00000210684a9af0 15276       4       java.util.stream.Collectors$CollectorImpl::<init> (13 bytes)
Event: 72.007 Thread 0x00000210684a9af0 nmethod 15276 0x000002105bc25510 code [0x000002105bc25680, 0x000002105bc25b58]
Event: 72.019 Thread 0x00000210684a9af0 15277       4       org.gradle.api.internal.artifacts.ivyservice.modulecache.ModuleMetadataSerializer$Reader::readNullableArtifact (51 bytes)
Event: 72.065 Thread 0x00000210684a9af0 nmethod 15277 0x000002105bc25c10 code [0x000002105bc25ec0, 0x000002105bc26f58]
Event: 72.065 Thread 0x00000210684a9af0 15278       4       java.util.stream.ReduceOps::makeRef (42 bytes)
Event: 72.067 Thread 0x00000210684a9af0 nmethod 15278 0x000002105bc27c90 code [0x000002105bc27e20, 0x000002105bc27f38]
Event: 72.150 Thread 0x00000210684a9af0 15279       4       org.gradle.cache.internal.DefaultFileLockManager$DefaultFileLock::assertOpenAndIntegral (41 bytes)
Event: 72.152 Thread 0x00000210684a9af0 nmethod 15279 0x000002105bc28090 code [0x000002105bc28220, 0x000002105bc28338]
Event: 72.162 Thread 0x00000210684a9af0 15280   !   4       org.gradle.cache.internal.DefaultMultiProcessSafePersistentIndexedCache::getIfPresent (25 bytes)

GC Heap History (20 events):
Event: 58.395 GC heap before
{Heap before GC invocations=40 (full 0):
 garbage-first heap   total 260096K, used 211574K [0x00000000a0000000, 0x0000000100000000)
  region size 1024K, 47 young (48128K), 7 survivors (7168K)
 Metaspace       used 78773K, committed 79744K, reserved 1122304K
  class space    used 10766K, committed 11200K, reserved 1048576K
}
Event: 58.413 GC heap after
{Heap after GC invocations=41 (full 0):
 garbage-first heap   total 260096K, used 174846K [0x00000000a0000000, 0x0000000100000000)
  region size 1024K, 5 young (5120K), 5 survivors (5120K)
 Metaspace       used 78773K, committed 79744K, reserved 1122304K
  class space    used 10766K, committed 11200K, reserved 1048576K
}
Event: 60.649 GC heap before
{Heap before GC invocations=41 (full 0):
 garbage-first heap   total 260096K, used 214782K [0x00000000a0000000, 0x0000000100000000)
  region size 1024K, 44 young (45056K), 5 survivors (5120K)
 Metaspace       used 79061K, committed 80128K, reserved 1122304K
  class space    used 10801K, committed 11264K, reserved 1048576K
}
Event: 60.668 GC heap after
{Heap after GC invocations=42 (full 0):
 garbage-first heap   total 260096K, used 180855K [0x00000000a0000000, 0x0000000100000000)
  region size 1024K, 6 young (6144K), 6 survivors (6144K)
 Metaspace       used 79061K, committed 80128K, reserved 1122304K
  class space    used 10801K, committed 11264K, reserved 1048576K
}
Event: 61.636 GC heap before
{Heap before GC invocations=42 (full 0):
 garbage-first heap   total 260096K, used 215671K [0x00000000a0000000, 0x0000000100000000)
  region size 1024K, 41 young (41984K), 6 survivors (6144K)
 Metaspace       used 79411K, committed 80576K, reserved 1122304K
  class space    used 10847K, committed 11392K, reserved 1048576K
}
Event: 61.657 GC heap after
{Heap after GC invocations=43 (full 0):
 garbage-first heap   total 260096K, used 186868K [0x00000000a0000000, 0x0000000100000000)
  region size 1024K, 6 young (6144K), 6 survivors (6144K)
 Metaspace       used 79411K, committed 80576K, reserved 1122304K
  class space    used 10847K, committed 11392K, reserved 1048576K
}
Event: 62.660 GC heap before
{Heap before GC invocations=43 (full 0):
 garbage-first heap   total 260096K, used 216564K [0x00000000a0000000, 0x0000000100000000)
  region size 1024K, 36 young (36864K), 6 survivors (6144K)
 Metaspace       used 79465K, committed 80576K, reserved 1122304K
  class space    used 10850K, committed 11392K, reserved 1048576K
}
Event: 62.684 GC heap after
{Heap after GC invocations=44 (full 0):
 garbage-first heap   total 260096K, used 192321K [0x00000000a0000000, 0x0000000100000000)
  region size 1024K, 5 young (5120K), 5 survivors (5120K)
 Metaspace       used 79465K, committed 80576K, reserved 1122304K
  class space    used 10850K, committed 11392K, reserved 1048576K
}
Event: 63.805 GC heap before
{Heap before GC invocations=44 (full 0):
 garbage-first heap   total 260096K, used 219969K [0x00000000a0000000, 0x0000000100000000)
  region size 1024K, 32 young (32768K), 5 survivors (5120K)
 Metaspace       used 79542K, committed 80640K, reserved 1122304K
  class space    used 10854K, committed 11392K, reserved 1048576K
}
Event: 63.820 GC heap after
{Heap after GC invocations=45 (full 0):
 garbage-first heap   total 260096K, used 196902K [0x00000000a0000000, 0x0000000100000000)
  region size 1024K, 4 young (4096K), 4 survivors (4096K)
 Metaspace       used 79542K, committed 80640K, reserved 1122304K
  class space    used 10854K, committed 11392K, reserved 1048576K
}
Event: 64.375 GC heap before
{Heap before GC invocations=45 (full 0):
 garbage-first heap   total 260096K, used 219430K [0x00000000a0000000, 0x0000000100000000)
  region size 1024K, 27 young (27648K), 4 survivors (4096K)
 Metaspace       used 79600K, committed 80704K, reserved 1122304K
  class space    used 10858K, committed 11392K, reserved 1048576K
}
Event: 64.389 GC heap after
{Heap after GC invocations=46 (full 0):
 garbage-first heap   total 260096K, used 201728K [0x00000000a0000000, 0x0000000100000000)
  region size 1024K, 4 young (4096K), 4 survivors (4096K)
 Metaspace       used 79600K, committed 80704K, reserved 1122304K
  class space    used 10858K, committed 11392K, reserved 1048576K
}
Event: 65.301 GC heap before
{Heap before GC invocations=46 (full 0):
 garbage-first heap   total 260096K, used 222208K [0x00000000a0000000, 0x0000000100000000)
  region size 1024K, 24 young (24576K), 4 survivors (4096K)
 Metaspace       used 79646K, committed 80832K, reserved 1122304K
  class space    used 10859K, committed 11392K, reserved 1048576K
}
Event: 65.326 GC heap after
{Heap after GC invocations=47 (full 0):
 garbage-first heap   total 260096K, used 206848K [0x00000000a0000000, 0x0000000100000000)
  region size 1024K, 3 young (3072K), 3 survivors (3072K)
 Metaspace       used 79646K, committed 80832K, reserved 1122304K
  class space    used 10859K, committed 11392K, reserved 1048576K
}
Event: 65.805 GC heap before
{Heap before GC invocations=47 (full 0):
 garbage-first heap   total 260096K, used 223232K [0x00000000a0000000, 0x0000000100000000)
  region size 1024K, 19 young (19456K), 3 survivors (3072K)
 Metaspace       used 79661K, committed 80832K, reserved 1122304K
  class space    used 10860K, committed 11392K, reserved 1048576K
}
Event: 65.815 GC heap after
{Heap after GC invocations=48 (full 0):
 garbage-first heap   total 260096K, used 209611K [0x00000000a0000000, 0x0000000100000000)
  region size 1024K, 3 young (3072K), 3 survivors (3072K)
 Metaspace       used 79661K, committed 80832K, reserved 1122304K
  class space    used 10860K, committed 11392K, reserved 1048576K
}
Event: 66.237 GC heap before
{Heap before GC invocations=48 (full 0):
 garbage-first heap   total 260096K, used 223947K [0x00000000a0000000, 0x0000000100000000)
  region size 1024K, 17 young (17408K), 3 survivors (3072K)
 Metaspace       used 79679K, committed 80896K, reserved 1122304K
  class space    used 10860K, committed 11392K, reserved 1048576K
}
Event: 66.243 GC heap after
{Heap after GC invocations=49 (full 0):
 garbage-first heap   total 260096K, used 212030K [0x00000000a0000000, 0x0000000100000000)
  region size 1024K, 3 young (3072K), 3 survivors (3072K)
 Metaspace       used 79679K, committed 80896K, reserved 1122304K
  class space    used 10860K, committed 11392K, reserved 1048576K
}
Event: 72.114 GC heap before
{Heap before GC invocations=49 (full 0):
 garbage-first heap   total 260096K, used 225342K [0x00000000a0000000, 0x0000000100000000)
  region size 1024K, 16 young (16384K), 3 survivors (3072K)
 Metaspace       used 79738K, committed 80896K, reserved 1122304K
  class space    used 10865K, committed 11392K, reserved 1048576K
}
Event: 72.121 GC heap after
{Heap after GC invocations=50 (full 0):
 garbage-first heap   total 260096K, used 213774K [0x00000000a0000000, 0x0000000100000000)
  region size 1024K, 2 young (2048K), 2 survivors (2048K)
 Metaspace       used 79738K, committed 80896K, reserved 1122304K
  class space    used 10865K, committed 11392K, reserved 1048576K
}

Deoptimization events (20 events):
Event: 66.455 Thread 0x000002106ccda330 Uncommon trap: trap_request=0xffffffde fr.pc=0x000002105b2c6bcc relative=0x00000000000003ec
Event: 66.455 Thread 0x000002106ccda330 Uncommon trap: reason=class_check action=maybe_recompile pc=0x000002105b2c6bcc method=java.util.Collections$SetFromMap.remove(Ljava/lang/Object;)Z @ 5 c2
Event: 66.455 Thread 0x000002106ccda330 DEOPT PACKING pc=0x000002105b2c6bcc sp=0x000000d7dd1fda60
Event: 66.455 Thread 0x000002106ccda330 DEOPT UNPACKING pc=0x00000210537323a3 sp=0x000000d7dd1fda48 mode 2
Event: 66.861 Thread 0x000002106a0752c0 Uncommon trap: trap_request=0xffffffc6 fr.pc=0x000002105b8e167c relative=0x0000000000000c1c
Event: 66.861 Thread 0x000002106a0752c0 Uncommon trap: reason=bimorphic_or_optimized_type_check action=maybe_recompile pc=0x000002105b8e167c method=java.util.HashMap.removeNode(ILjava/lang/Object;Ljava/lang/Object;ZZ)Ljava/util/HashMap$Node; @ 143 c2
Event: 66.861 Thread 0x000002106a0752c0 DEOPT PACKING pc=0x000002105b8e167c sp=0x000000d7df0fdf70
Event: 66.861 Thread 0x000002106a0752c0 DEOPT UNPACKING pc=0x00000210537323a3 sp=0x000000d7df0fdf08 mode 2
Event: 66.861 Thread 0x000002106a0752c0 Uncommon trap: trap_request=0xffffffc6 fr.pc=0x000002105b8e167c relative=0x0000000000000c1c
Event: 66.861 Thread 0x000002106a0752c0 Uncommon trap: reason=bimorphic_or_optimized_type_check action=maybe_recompile pc=0x000002105b8e167c method=java.util.HashMap.removeNode(ILjava/lang/Object;Ljava/lang/Object;ZZ)Ljava/util/HashMap$Node; @ 143 c2
Event: 66.861 Thread 0x000002106a0752c0 DEOPT PACKING pc=0x000002105b8e167c sp=0x000000d7df0fdf70
Event: 66.861 Thread 0x000002106a0752c0 DEOPT UNPACKING pc=0x00000210537323a3 sp=0x000000d7df0fdf08 mode 2
Event: 66.862 Thread 0x000002106a0752c0 Uncommon trap: trap_request=0xffffffc6 fr.pc=0x000002105b8e167c relative=0x0000000000000c1c
Event: 66.862 Thread 0x000002106a0752c0 Uncommon trap: reason=bimorphic_or_optimized_type_check action=maybe_recompile pc=0x000002105b8e167c method=java.util.HashMap.removeNode(ILjava/lang/Object;Ljava/lang/Object;ZZ)Ljava/util/HashMap$Node; @ 143 c2
Event: 66.862 Thread 0x000002106a0752c0 DEOPT PACKING pc=0x000002105b8e167c sp=0x000000d7df0fdf70
Event: 66.862 Thread 0x000002106a0752c0 DEOPT UNPACKING pc=0x00000210537323a3 sp=0x000000d7df0fdf08 mode 2
Event: 67.968 Thread 0x000002106c5e1810 Uncommon trap: trap_request=0xffffff45 fr.pc=0x000002105b805020 relative=0x00000000000006a0
Event: 67.968 Thread 0x000002106c5e1810 Uncommon trap: reason=unstable_if action=reinterpret pc=0x000002105b805020 method=com.esotericsoftware.kryo.io.Input.require(I)I @ 180 c2
Event: 67.968 Thread 0x000002106c5e1810 DEOPT PACKING pc=0x000002105b805020 sp=0x000000d7deeff290
Event: 67.968 Thread 0x000002106c5e1810 DEOPT UNPACKING pc=0x00000210537323a3 sp=0x000000d7deeff1c8 mode 2

Classes unloaded (0 events):
No events

Classes redefined (0 events):
No events

Internal exceptions (20 events):
Event: 61.681 Thread 0x000002106a0752c0 Exception <a 'sun/nio/fs/WindowsException'{0x00000000b1d2b348}> (0x00000000b1d2b348) 
thrown [s\open\src\hotspot\share\prims\jni.cpp, line 516]
Event: 61.681 Thread 0x000002106a0752c0 Exception <a 'sun/nio/fs/WindowsException'{0x00000000b1d2b6f8}> (0x00000000b1d2b6f8) 
thrown [s\open\src\hotspot\share\prims\jni.cpp, line 516]
Event: 62.096 Thread 0x000002106a0752c0 Exception <a 'sun/nio/fs/WindowsException'{0x00000000aeec08c8}> (0x00000000aeec08c8) 
thrown [s\open\src\hotspot\share\prims\jni.cpp, line 516]
Event: 62.097 Thread 0x000002106a0752c0 Exception <a 'sun/nio/fs/WindowsException'{0x00000000aeec0cb0}> (0x00000000aeec0cb0) 
thrown [s\open\src\hotspot\share\prims\jni.cpp, line 516]
Event: 62.656 Thread 0x000002106a0752c0 Exception <a 'sun/nio/fs/WindowsException'{0x00000000ae062618}> (0x00000000ae062618) 
thrown [s\open\src\hotspot\share\prims\jni.cpp, line 516]
Event: 62.657 Thread 0x000002106a0752c0 Exception <a 'sun/nio/fs/WindowsException'{0x00000000ae0629d8}> (0x00000000ae0629d8) 
thrown [s\open\src\hotspot\share\prims\jni.cpp, line 516]
Event: 62.848 Thread 0x000002106a0752c0 Exception <a 'sun/nio/fs/WindowsException'{0x00000000af50d660}> (0x00000000af50d660) 
thrown [s\open\src\hotspot\share\prims\jni.cpp, line 516]
Event: 62.848 Thread 0x000002106a0752c0 Exception <a 'sun/nio/fs/WindowsException'{0x00000000af50d9d8}> (0x00000000af50d9d8) 
thrown [s\open\src\hotspot\share\prims\jni.cpp, line 516]
Event: 63.379 Thread 0x000002106a0752c0 Exception <a 'sun/nio/fs/WindowsException'{0x00000000ae7e6d08}> (0x00000000ae7e6d08) 
thrown [s\open\src\hotspot\share\prims\jni.cpp, line 516]
Event: 63.379 Thread 0x000002106a0752c0 Exception <a 'sun/nio/fs/WindowsException'{0x00000000ae7e70b0}> (0x00000000ae7e70b0) 
thrown [s\open\src\hotspot\share\prims\jni.cpp, line 516]
Event: 63.996 Thread 0x000002106a0752c0 Exception <a 'sun/nio/fs/WindowsException'{0x00000000af5954e0}> (0x00000000af5954e0) 
thrown [s\open\src\hotspot\share\prims\jni.cpp, line 516]
Event: 63.996 Thread 0x000002106a0752c0 Exception <a 'sun/nio/fs/WindowsException'{0x00000000af595890}> (0x00000000af595890) 
thrown [s\open\src\hotspot\share\prims\jni.cpp, line 516]
Event: 64.706 Thread 0x000002106ccda330 Exception <a 'sun/nio/fs/WindowsException'{0x00000000af6d5c80}> (0x00000000af6d5c80) 
thrown [s\open\src\hotspot\share\prims\jni.cpp, line 516]
Event: 64.706 Thread 0x000002106ccda330 Exception <a 'sun/nio/fs/WindowsException'{0x00000000af6d5ff8}> (0x00000000af6d5ff8) 
thrown [s\open\src\hotspot\share\prims\jni.cpp, line 516]
Event: 64.989 Thread 0x000002106ccda330 Implicit null exception at 0x000002105ba7f184 to 0x000002105ba83464
Event: 65.339 Thread 0x000002106ccda330 Implicit null exception at 0x000002105ba7f184 to 0x000002105ba83464
Event: 65.339 Thread 0x000002106ccda330 Implicit null exception at 0x000002105ba7f184 to 0x000002105ba83464
Event: 65.375 Thread 0x000002106ccda330 Implicit null exception at 0x000002105ba7f184 to 0x000002105ba83464
Event: 71.904 Thread 0x000002106a0752c0 Exception <a 'sun/nio/fs/WindowsException'{0x00000000af114230}> (0x00000000af114230) 
thrown [s\open\src\hotspot\share\prims\jni.cpp, line 516]
Event: 71.904 Thread 0x000002106a0752c0 Exception <a 'sun/nio/fs/WindowsException'{0x00000000af114530}> (0x00000000af114530) 
thrown [s\open\src\hotspot\share\prims\jni.cpp, line 516]

VM Operations (20 events):
Event: 62.660 Executing VM operation: G1CollectForAllocation
Event: 62.684 Executing VM operation: G1CollectForAllocation done
Event: 63.690 Executing VM operation: Cleanup
Event: 63.691 Executing VM operation: Cleanup done
Event: 63.805 Executing VM operation: G1CollectForAllocation
Event: 63.820 Executing VM operation: G1CollectForAllocation done
Event: 64.375 Executing VM operation: G1CollectForAllocation
Event: 64.389 Executing VM operation: G1CollectForAllocation done
Event: 65.301 Executing VM operation: G1CollectForAllocation
Event: 65.328 Executing VM operation: G1CollectForAllocation done
Event: 65.805 Executing VM operation: G1CollectForAllocation
Event: 65.815 Executing VM operation: G1CollectForAllocation done
Event: 66.237 Executing VM operation: G1CollectForAllocation
Event: 66.244 Executing VM operation: G1CollectForAllocation done
Event: 67.246 Executing VM operation: Cleanup
Event: 67.246 Executing VM operation: Cleanup done
Event: 68.252 Executing VM operation: Cleanup
Event: 68.252 Executing VM operation: Cleanup done
Event: 72.114 Executing VM operation: G1CollectForAllocation
Event: 72.121 Executing VM operation: G1CollectForAllocation done

Events (20 events):
Event: 66.928 Thread 0x0000021069cde050 Thread exited: 0x0000021069cde050
Event: 66.928 Thread 0x000002106e1da550 Thread exited: 0x000002106e1da550
Event: 66.928 Thread 0x0000021069cdb9d0 Thread exited: 0x0000021069cdb9d0
Event: 66.928 Thread 0x000002106c5e0000 Thread exited: 0x000002106c5e0000
Event: 66.930 Thread 0x000002106c5dde50 Thread exited: 0x000002106c5dde50
Event: 66.930 Thread 0x000002106c5e2680 Thread exited: 0x000002106c5e2680
Event: 66.952 Thread 0x000002106c5decc0 Thread exited: 0x000002106c5decc0
Event: 66.963 Thread 0x000002106c5e21b0 Thread exited: 0x000002106c5e21b0
Event: 67.969 Thread 0x000002106c5e1810 Thread exited: 0x000002106c5e1810
Event: 71.464 Thread 0x000002106c5df190 Thread added: 0x000002106c5df190
Event: 71.625 Thread 0x000002106c5e39c0 Thread added: 0x000002106c5e39c0
Event: 71.650 Thread 0x000002106c5e21b0 Thread added: 0x000002106c5e21b0
Event: 71.651 Thread 0x000002106c5dd980 Thread added: 0x000002106c5dd980
Event: 71.652 Thread 0x000002106c5dfb30 Thread added: 0x000002106c5dfb30
Event: 71.746 Thread 0x000002106c5e2b50 Thread added: 0x000002106c5e2b50
Event: 71.752 Thread 0x000002106c5dde50 Thread added: 0x000002106c5dde50
Event: 71.756 Thread 0x000002106c5decc0 Thread added: 0x000002106c5decc0
Event: 71.760 Thread 0x000002106c5e2680 Thread added: 0x000002106c5e2680
Event: 71.792 Thread 0x000002106c5dcb10 Thread added: 0x000002106c5dcb10
Event: 71.867 Thread 0x000002106c5dcfe0 Thread added: 0x000002106c5dcfe0


Dynamic libraries:
0x00007ff71fd60000 - 0x00007ff71fd70000 	C:\Program Files\Java\jdk-17.0.4.1\bin\java.exe
0x00007ffa53f70000 - 0x00007ffa54168000 	C:\WINDOWS\SYSTEM32\ntdll.dll
0x00007ffa52c60000 - 0x00007ffa52d1f000 	C:\WINDOWS\System32\KERNEL32.DLL
0x00007ffa51a70000 - 0x00007ffa51d42000 	C:\WINDOWS\System32\KERNELBASE.dll
0x00007ffa4ee30000 - 0x00007ffa4eec1000 	C:\WINDOWS\SYSTEM32\apphelp.dll
0x00007ffa517b0000 - 0x00007ffa518b0000 	C:\WINDOWS\System32\ucrtbase.dll
0x00007ffa49960000 - 0x00007ffa4997a000 	C:\Program Files\Java\jdk-17.0.4.1\bin\VCRUNTIME140.dll
0x00007ffa49940000 - 0x00007ffa49958000 	C:\Program Files\Java\jdk-17.0.4.1\bin\jli.dll
0x00007ffa52510000 - 0x00007ffa525be000 	C:\WINDOWS\System32\ADVAPI32.dll
0x00007ffa530c0000 - 0x00007ffa5315e000 	C:\WINDOWS\System32\msvcrt.dll
0x00007ffa53160000 - 0x00007ffa531fc000 	C:\WINDOWS\System32\sechost.dll
0x00007ffa52320000 - 0x00007ffa52445000 	C:\WINDOWS\System32\RPCRT4.dll
0x00007ffa53af0000 - 0x00007ffa53c8d000 	C:\WINDOWS\System32\USER32.dll
0x00007ffa40c90000 - 0x00007ffa40f2a000 	C:\WINDOWS\WinSxS\amd64_microsoft.windows.common-controls_6595b64144ccf1df_6.0.19041.1110_none_60b5254171f9507e\COMCTL32.dll
0x00007ffa51710000 - 0x00007ffa51732000 	C:\WINDOWS\System32\win32u.dll
0x00007ffa53d50000 - 0x00007ffa53d7b000 	C:\WINDOWS\System32\GDI32.dll
0x00007ffa51960000 - 0x00007ffa51a6f000 	C:\WINDOWS\System32\gdi32full.dll
0x00007ffa51670000 - 0x00007ffa5170d000 	C:\WINDOWS\System32\msvcp_win.dll
0x00007ffa447e0000 - 0x00007ffa447ea000 	C:\WINDOWS\SYSTEM32\VERSION.dll
0x00007ffa53ab0000 - 0x00007ffa53ae2000 	C:\WINDOWS\System32\IMM32.DLL
0x00007ffa42ce0000 - 0x00007ffa42cec000 	C:\Program Files\Java\jdk-17.0.4.1\bin\vcruntime140_1.dll
0x00007ffa2f330000 - 0x00007ffa2f3bd000 	C:\Program Files\Java\jdk-17.0.4.1\bin\msvcp140.dll
0x00007ffa190d0000 - 0x00007ffa19c92000 	C:\Program Files\Java\jdk-17.0.4.1\bin\server\jvm.dll
0x00007ffa53d40000 - 0x00007ffa53d48000 	C:\WINDOWS\System32\PSAPI.DLL
0x00007ffa440b0000 - 0x00007ffa440b9000 	C:\WINDOWS\SYSTEM32\WSOCK32.dll
0x00007ffa3a660000 - 0x00007ffa3a687000 	C:\WINDOWS\SYSTEM32\WINMM.dll
0x00007ffa52f10000 - 0x00007ffa52f7b000 	C:\WINDOWS\System32\WS2_32.dll
0x00007ffa4f4f0000 - 0x00007ffa4f502000 	C:\WINDOWS\SYSTEM32\kernel.appcore.dll
0x00007ffa415d0000 - 0x00007ffa415da000 	C:\Program Files\Java\jdk-17.0.4.1\bin\jimage.dll
0x00007ffa40f30000 - 0x00007ffa41114000 	C:\WINDOWS\SYSTEM32\DBGHELP.DLL
0x00007ffa41b30000 - 0x00007ffa41b5c000 	C:\WINDOWS\SYSTEM32\dbgcore.DLL
0x00007ffa51ee0000 - 0x00007ffa51f62000 	C:\WINDOWS\System32\bcryptPrimitives.dll
0x00007ffa40010000 - 0x00007ffa40035000 	C:\Program Files\Java\jdk-17.0.4.1\bin\java.dll
0x00007ffa294e0000 - 0x00007ffa295b6000 	C:\Program Files\Java\jdk-17.0.4.1\bin\jsvml.dll
0x00007ffa53360000 - 0x00007ffa53aa3000 	C:\WINDOWS\System32\SHELL32.dll
0x00007ffa4f6f0000 - 0x00007ffa4fe82000 	C:\WINDOWS\SYSTEM32\windows.storage.dll
0x00007ffa51fc0000 - 0x00007ffa52314000 	C:\WINDOWS\System32\combase.dll
0x00007ffa50ff0000 - 0x00007ffa51020000 	C:\WINDOWS\SYSTEM32\Wldp.dll
0x00007ffa52d20000 - 0x00007ffa52dcd000 	C:\WINDOWS\System32\SHCORE.dll
0x00007ffa524b0000 - 0x00007ffa52505000 	C:\WINDOWS\System32\shlwapi.dll
0x00007ffa515b0000 - 0x00007ffa515cf000 	C:\WINDOWS\SYSTEM32\profapi.dll
0x00007ffa413d0000 - 0x00007ffa413e9000 	C:\Program Files\Java\jdk-17.0.4.1\bin\net.dll
0x00007ffa44240000 - 0x00007ffa4434c000 	C:\WINDOWS\SYSTEM32\WINHTTP.dll
0x00007ffa50dd0000 - 0x00007ffa50e3a000 	C:\WINDOWS\system32\mswsock.dll
0x00007ffa40760000 - 0x00007ffa40776000 	C:\Program Files\Java\jdk-17.0.4.1\bin\nio.dll
0x00007ffa404a0000 - 0x00007ffa404b8000 	C:\Program Files\Java\jdk-17.0.4.1\bin\zip.dll
0x00007ffa402d0000 - 0x00007ffa402e0000 	C:\Program Files\Java\jdk-17.0.4.1\bin\verify.dll
0x00007ffa0f7a0000 - 0x00007ffa0f7c7000 	C:\Users\tulee\.gradle\native\e1d6ef7f7dcc3fd88c89a11ec53ec762bb8ba0a96d01ffa2cd45eb1d1d8dd5c5\windows-amd64\native-platform.dll
0x00007ff9f7d90000 - 0x00007ff9f7ed4000 	C:\Users\tulee\.gradle\native\0d407fdbe67a94daf76414ababcb853783967236a71b16ec16e742cd7a986fd3\windows-amd64\native-platform-file-events.dll
0x00007ffa3fd20000 - 0x00007ffa3fd29000 	C:\Program Files\Java\jdk-17.0.4.1\bin\management.dll
0x00007ffa3f7c0000 - 0x00007ffa3f7cb000 	C:\Program Files\Java\jdk-17.0.4.1\bin\management_ext.dll
0x00007ffa51030000 - 0x00007ffa51048000 	C:\WINDOWS\SYSTEM32\CRYPTSP.dll
0x00007ffa506a0000 - 0x00007ffa506d4000 	C:\WINDOWS\system32\rsaenh.dll
0x00007ffa51d50000 - 0x00007ffa51d77000 	C:\WINDOWS\System32\bcrypt.dll
0x00007ffa51570000 - 0x00007ffa5159e000 	C:\WINDOWS\SYSTEM32\USERENV.dll
0x00007ffa50f60000 - 0x00007ffa50f6c000 	C:\WINDOWS\SYSTEM32\CRYPTBASE.dll
0x00007ffa50a90000 - 0x00007ffa50acb000 	C:\WINDOWS\SYSTEM32\IPHLPAPI.DLL
0x00007ffa53200000 - 0x00007ffa53208000 	C:\WINDOWS\System32\NSI.dll
0x00007ffa475e0000 - 0x00007ffa475f7000 	C:\WINDOWS\SYSTEM32\dhcpcsvc6.DLL
0x00007ffa47780000 - 0x00007ffa4779d000 	C:\WINDOWS\SYSTEM32\dhcpcsvc.DLL
0x00007ffa50ae0000 - 0x00007ffa50baa000 	C:\WINDOWS\SYSTEM32\DNSAPI.dll
0x00007ffa3f7b0000 - 0x00007ffa3f7be000 	C:\Program Files\Java\jdk-17.0.4.1\bin\sunmscapi.dll
0x00007ffa51d80000 - 0x00007ffa51ed6000 	C:\WINDOWS\System32\CRYPT32.dll
0x00007ffa51140000 - 0x00007ffa51167000 	C:\WINDOWS\SYSTEM32\ncrypt.dll
0x00007ffa51100000 - 0x00007ffa5113b000 	C:\WINDOWS\SYSTEM32\NTASN1.dll
0x00007ffa3f7a0000 - 0x00007ffa3f7a7000 	C:\WINDOWS\system32\wshunix.dll

dbghelp: loaded successfully - version: 4.0.5 - missing functions: none
symbol engine: initialized successfully - sym options: 0x614 - pdb path: .;C:\Program Files\Java\jdk-17.0.4.1\bin;C:\WINDOWS\SYSTEM32;C:\WINDOWS\WinSxS\amd64_microsoft.windows.common-controls_6595b64144ccf1df_6.0.19041.1110_none_60b5254171f9507e;C:\Program Files\Java\jdk-17.0.4.1\bin\server;C:\Users\tulee\.gradle\native\e1d6ef7f7dcc3fd88c89a11ec53ec762bb8ba0a96d01ffa2cd45eb1d1d8dd5c5\windows-amd64;C:\Users\tulee\.gradle\native\0d407fdbe67a94daf76414ababcb853783967236a71b16ec16e742cd7a986fd3\windows-amd64

VM Arguments:
jvm_args: --add-opens=java.base/java.util=ALL-UNNAMED --add-opens=java.base/java.lang=ALL-UNNAMED --add-opens=java.base/java.lang.invoke=ALL-UNNAMED --add-opens=java.base/java.util=ALL-UNNAMED --add-opens=java.prefs/java.util.prefs=ALL-UNNAMED --add-opens=java.prefs/java.util.prefs=ALL-UNNAMED --add-opens=java.base/java.nio.charset=ALL-UNNAMED --add-opens=java.base/java.net=ALL-UNNAMED --add-opens=java.base/java.util.concurrent.atomic=ALL-UNNAMED -Xmx1536M -Dfile.encoding=x-windows-949 -Duser.country=KR -Duser.language=ko -Duser.variant 
java_command: org.gradle.launcher.daemon.bootstrap.GradleDaemon 7.4
java_class_path (initial): C:\Users\tulee\.gradle\wrapper\dists\gradle-7.4-all\aadb4xli5jkdsnukm30eibyiu\gradle-7.4\lib\gradle-launcher-7.4.jar
Launcher Type: SUN_STANDARD

[Global flags]
     intx CICompilerCount                          = 3                                         {product} {ergonomic}
     uint ConcGCThreads                            = 1                                         {product} {ergonomic}
     uint G1ConcRefinementThreads                  = 4                                         {product} {ergonomic}
   size_t G1HeapRegionSize                         = 1048576                                   {product} {ergonomic}
    uintx GCDrainStackTargetSize                   = 64                                        {product} {ergonomic}
   size_t InitialHeapSize                          = 201326592                                 {product} {ergonomic}
   size_t MarkStackSize                            = 4194304                                   {product} {ergonomic}
   size_t MaxHeapSize                              = 1610612736                                {product} {command line}
   size_t MaxNewSize                               = 965738496                                 {product} {ergonomic}
   size_t MinHeapDeltaBytes                        = 1048576                                   {product} {ergonomic}
   size_t MinHeapSize                              = 8388608                                   {product} {ergonomic}
    uintx NonNMethodCodeHeapSize                   = 5832780                                {pd product} {ergonomic}
    uintx NonProfiledCodeHeapSize                  = 122912730                              {pd product} {ergonomic}
    uintx ProfiledCodeHeapSize                     = 122912730                              {pd product} {ergonomic}
    uintx ReservedCodeCacheSize                    = 251658240                              {pd product} {ergonomic}
     bool SegmentedCodeCache                       = true                                      {product} {ergonomic}
   size_t SoftMaxHeapSize                          = 1610612736                             {manageable} {ergonomic}
     bool UseCompressedClassPointers               = true                           {product lp64_product} {ergonomic}
     bool UseCompressedOops                        = true                           {product lp64_product} {ergonomic}
     bool UseG1GC                                  = true                                      {product} {ergonomic}
     bool UseLargePagesIndividualAllocation        = false                                  {pd product} {ergonomic}

Logging:
Log output configuration:
 #0: stdout all=warning uptime,level,tags
 #1: stderr all=off uptime,level,tags

Environment Variables:
CLASSPATH=C:\Users\tulee\Desktop\danim\Capstone_Team\android\\gradle\wrapper\gradle-wrapper.jar
PATH=C:\Program Files\Common Files\Oracle\Java\javapath;C:\WINDOWS\system32;C:\WINDOWS;C:\WINDOWS\System32\Wbem;C:\WINDOWS\System32\WindowsPowerShell\v1.0\;C:\WINDOWS\System32\OpenSSH\;C:\Program Files\Bandizip\;C:\Program Files\Git\cmd;C:\Program Files\nodejs\;C:\ProgramData\chocolatey\bin;C:\Users\tulee\AppData\Local\Pub\Cache\bin;C:\flutter\bin;C:\Program Files\Java\jdk-17.0.4.1\bin;C:\Program Files\Docker\Docker\resources\bin;C:\Users\tulee\Desktop\danim;C:\Program Files\OpenSSL-Win64\bin;D:\anaconda3;D:\anaconda3\Library\mingw-w64\bin;D:\anaconda3\Library\usr\bin;D:\anaconda3\Library\bin;D:\anaconda3\Scripts;C:\Users\tulee\AppData\Local\Programs\Python\Python311\Scripts\;C:\Users\tulee\AppData\Local\Programs\Python\Python311\;C:\Users\tulee\AppData\Local\Microsoft\WindowsApps;C:\Program Files\JetBrains\PyCharm 2022.2.1\bin;C:\Users\tulee\AppData\Local\Programs\Microsoft VS Code\bin;C:\Users\tulee\AppData\Roaming\npm;C:\Program Files\JetBrains\IntelliJ IDEA 2022.2.2\bin;C:\tools\dart-sdk\bin;C:\Users\tulee\AppData\Roaming\Pub\Cache\bin;C:\Users\tulee\AppData\Local\gitkraken\bin
USERNAME=tulee
OS=Windows_NT
PROCESSOR_IDENTIFIER=Intel64 Family 6 Model 61 Stepping 4, GenuineIntel



---------------  S Y S T E M  ---------------

OS:
 Windows 10 , 64 bit Build 19041 (10.0.19041.2251)
OS uptime: 10 days 1:30 hours
Hyper-V role detected

CPU: total 4 (initial active 4) (2 cores per cpu, 2 threads per core) family 6 model 61 stepping 4 microcode 0x2d, cx8, cmov, fxsr, ht, mmx, 3dnowpref, sse, sse2, sse3, ssse3, sse4.1, sse4.2, popcnt, lzcnt, tsc, tscinvbit, avx, avx2, aes, erms, clmul, bmi1, bmi2, rtm, adx, fma, vzeroupper, clflush, hv

Memory: 4k page, system-wide physical 12162M (888M free)
TotalPageFile size 14210M (AvailPageFile size 4M)
current process WorkingSet (physical memory assigned to process): 509M, peak: 547M
current process commit charge ("private bytes"): 562M, peak: 592M

vm_info: Java HotSpot(TM) 64-Bit Server VM (17.0.4.1+1-LTS-2) for windows-amd64 JRE (17.0.4.1+1-LTS-2), built on Aug 16 2022 18:32:06 by "mach5one" with MS VC++ 16.8 / 16.9 (VS2019)

END.
