#
# There is insufficient memory for the Java Runtime Environment to continue.
# Native memory allocation (malloc) failed to allocate 1048576 bytes for AllocateHeap
# Possible reasons:
#   The system is out of physical RAM or swap space
#   The process is running with CompressedOops enabled, and the Java Heap may be blocking the growth of the native heap
# Possible solutions:
#   Reduce memory load on the system
#   Increase physical memory or swap space
#   Check if swap backing store is full
#   Decrease Java heap size (-Xmx/-Xms)
#   Decrease number of Java threads
#   Decrease Java thread stack sizes (-Xss)
#   Set larger code cache with -XX:ReservedCodeCacheSize=
#   JVM is running with Zero Based Compressed Oops mode in which the Java heap is
#     placed in the first 32GB address space. The Java Heap base address is the
#     maximum limit for the native heap growth. Please use -XX:HeapBaseMinAddress
#     to set the Java Heap base and to place the Java Heap above 32GB virtual address.
# This output file may be truncated or incomplete.
#
#  Out of Memory Error (./src/hotspot/share/memory/allocation.cpp:46), pid=9088, tid=6948
#
# JRE version: OpenJDK Runtime Environment (11.0.13) (build 11.0.13+0-b1751.21-8125866)
# Java VM: OpenJDK 64-Bit Server VM (11.0.13+0-b1751.21-8125866, mixed mode, tiered, compressed oops, g1 gc, windows-amd64)
# No core dump will be written. Minidumps are not enabled by default on client versions of Windows
#

---------------  S U M M A R Y ------------

Command Line: -Dorg.gradle.appname=gradlew org.gradle.wrapper.GradleWrapperMain -q -Ptarget-platform=android-arm64 -Ptarget=C:\Users\tulee\Desktop\danim\Danim\lib\main.dart -Pbase-application-name=android.app.Application -Pdart-defines=RkxVVFRFUl9XRUJfQVVUT19ERVRFQ1Q9dHJ1ZQ== -Pdart-obfuscation=false -Pextra-front-end-options=--no-sound-null-safety -Ptrack-widget-creation=true -Ptree-shake-icons=false -Pfilesystem-scheme=org-dartlang-root assembleDebug

Host: Intel(R) Core(TM) i5-5300U CPU @ 2.30GHz, 4 cores, 11G,  Windows 10 , 64 bit Build 19041 (10.0.19041.2251)
Time: Tue Nov 22 17:12:49 2022 대한민국 표준시 elapsed time: 3.070276 seconds (0d 0h 0m 3s)

---------------  T H R E A D  ---------------

Current thread (0x0000020c4b589000):  VMThread "VM Thread" [stack: 0x000000b829700000,0x000000b829800000] [id=6948]

Stack: [0x000000b829700000,0x000000b829800000]
[error occurred during error reporting (printing stack bounds), id 0xc0000005, EXCEPTION_ACCESS_VIOLATION (0xc0000005) at pc=0x0000020c31f7112d]

Native frames: (J=compiled Java code, j=interpreted, Vv=VM code, C=native code)
V  [jvm.dll+0x6100fa]
V  [jvm.dll+0x747090]
V  [jvm.dll+0x7486ad]
V  [jvm.dll+0x748ce5]
V  [jvm.dll+0x748c9b]
V  [jvm.dll+0x60f224]
V  [jvm.dll+0x60f9b8]
C  [ntdll.dll+0xa241f]
C  [ntdll.dll+0x514a4]
C  [ntdll.dll+0xa0f4e]
C  0x0000020c31f7112d

VM_Operation (0x000000b8291fc2c0): CollectForMetadataAllocation, mode: safepoint, requested by thread 0x0000020c2cc99000


---------------  P R O C E S S  ---------------

Threads class SMR info:
_java_thread_list=0x0000020c4c4c7b60, length=11, elements={
0x0000020c2cc99000, 0x0000020c4ad5d800, 0x0000020c4ad4d000, 0x0000020c4b5ef000,
0x0000020c4b5f1000, 0x0000020c4b5f2800, 0x0000020c4b5f7800, 0x0000020c4b66f000,
0x0000020c4b670000, 0x0000020c4b76f000, 0x0000020c4be24000
}

Java Threads: ( => current thread )
  0x0000020c2cc99000 JavaThread "main" [_thread_blocked, id=732, stack(0x000000b829100000,0x000000b829200000)]
  0x0000020c4ad5d800 JavaThread "Reference Handler" daemon [_thread_blocked, id=3056, stack(0x000000b829800000,0x000000b829900000)]
  0x0000020c4ad4d000 JavaThread "Finalizer" daemon [_thread_blocked, id=6476, stack(0x000000b829900000,0x000000b829a00000)]
  0x0000020c4b5ef000 JavaThread "Signal Dispatcher" daemon [_thread_blocked, id=472, stack(0x000000b829a00000,0x000000b829b00000)]
  0x0000020c4b5f1000 JavaThread "Attach Listener" daemon [_thread_blocked, id=8560, stack(0x000000b829b00000,0x000000b829c00000)]
  0x0000020c4b5f2800 JavaThread "Service Thread" daemon [_thread_blocked, id=9700, stack(0x000000b829c00000,0x000000b829d00000)]
  0x0000020c4b5f7800 JavaThread "C2 CompilerThread0" daemon [_thread_blocked, id=13720, stack(0x000000b829d00000,0x000000b829e00000)]
  0x0000020c4b66f000 JavaThread "C1 CompilerThread0" daemon [_thread_blocked, id=11832, stack(0x000000b829e00000,0x000000b829f00000)]
  0x0000020c4b670000 JavaThread "Sweeper thread" daemon [_thread_blocked, id=7564, stack(0x000000b829f00000,0x000000b82a000000)]
  0x0000020c4b76f000 JavaThread "Common-Cleaner" daemon [_thread_blocked, id=6184, stack(0x000000b82a100000,0x000000b82a200000)]
  0x0000020c4be24000 JavaThread "pool-1-thread-1" [_thread_blocked, id=1084, stack(0x000000b82a500000,0x000000b82a600000)]

Other Threads:
=>0x0000020c4b589000 VMThread "VM Thread" [stack: 0x000000b829700000,0x000000b829800000] [id=6948]
  0x0000020c4b767000 WatcherThread [stack: 0x000000b82a000000,0x000000b82a100000] [id=9936]
  0x0000020c2ccb0800 GCTaskThread "GC Thread#0" [stack: 0x000000b829200000,0x000000b829300000] [id=10728]
  0x0000020c4be1b800 GCTaskThread "GC Thread#1" [stack: 0x000000b82a200000,0x000000b82a300000] [id=12292]
  0x0000020c4bb53000 GCTaskThread "GC Thread#2" [stack: 0x000000b82a300000,0x000000b82a400000] [id=7200]
  0x0000020c4ba7e000 GCTaskThread "GC Thread#3" [stack: 0x000000b82a400000,0x000000b82a500000] [id=10800]
  0x0000020c2ccf6800 ConcurrentGCThread "G1 Main Marker" [stack: 0x000000b829300000,0x000000b829400000] [id=12072]
  0x0000020c2ccf8000 ConcurrentGCThread "G1 Conc#0" [stack: 0x000000b829400000,0x000000b829500000] [id=13056]
  0x0000020c2cd6e000 ConcurrentGCThread "G1 Refine#0" [stack: 0x000000b829500000,0x000000b829600000] [id=12768]
  0x0000020c4abb6800 ConcurrentGCThread "G1 Young RemSet Sampling" [stack: 0x000000b829600000,0x000000b829700000] [id=12660]

Threads with active compile tasks:
C2 CompilerThread0   3088 1154       4       jdk.internal.jimage.ImageStringsReader::unmaskedHashCode (173 bytes)
C1 CompilerThread0   3088 1158       3       java.nio.MappedByteBuffer::limit (6 bytes)

VM state:at safepoint (normal execution)

VM Mutex/Monitor currently owned by a thread:  ([mutex/lock_event])
[0x0000020c2cc94ff0] Threads_lock - owner thread: 0x0000020c4b589000
[0x0000020c2cc956b0] Heap_lock - owner thread: 0x0000020c2cc99000

Heap address: 0x0000000741e00000, size: 3042 MB, Compressed Oops mode: Zero based, Oop shift amount: 3
Narrow klass base: 0x0000000800000000, Narrow klass shift: 0
Compressed class space size: 1073741824 Address: 0x0000000800000000

Heap:
 garbage-first heap   total 196608K, used 10664K [0x0000000741e00000, 0x0000000800000000)
  region size 1024K, 3 young (3072K), 3 survivors (3072K)
 Metaspace       used 14509K, capacity 14810K, committed 14848K, reserved 1073152K
  class space    used 1656K, capacity 1769K, committed 1792K, reserved 1048576K
Heap Regions: E=young(eden), S=young(survivor), O=old, HS=humongous(starts), HC=humongous(continues), CS=collection set, F=free, A=archive, TAMS=top-at-mark-start (previous, next)
|   0|0x0000000741e00000, 0x0000000741f00000, 0x0000000741f00000|100%|HS|  |TAMS 0x0000000741e00000, 0x0000000741f00000| Complete 
|   1|0x0000000741f00000, 0x0000000742000000, 0x0000000742000000|100%|HC|  |TAMS 0x0000000741f00000, 0x0000000742000000| Complete 
|   2|0x0000000742000000, 0x0000000742100000, 0x0000000742100000|100%|HC|  |TAMS 0x0000000742000000, 0x0000000742100000| Complete 
|   3|0x0000000742100000, 0x0000000742200000, 0x0000000742200000|100%| O|  |TAMS 0x0000000742100000, 0x0000000742200000| Untracked 
|   4|0x0000000742200000, 0x0000000742300000, 0x0000000742300000|100%| O|  |TAMS 0x0000000742200000, 0x0000000742300000| Untracked 
|   5|0x0000000742300000, 0x0000000742400000, 0x0000000742400000|100%| O|  |TAMS 0x0000000742300000, 0x0000000742400000| Untracked 
|   6|0x0000000742400000, 0x0000000742500000, 0x0000000742500000|100%| O|  |TAMS 0x0000000742400000, 0x0000000742500000| Untracked 
|   7|0x0000000742500000, 0x00000007425a9400, 0x0000000742600000| 66%| O|  |TAMS 0x0000000742500000, 0x00000007425a9400| Untracked 
|   8|0x0000000742600000, 0x0000000742600000, 0x0000000742700000|  0%| F|  |TAMS 0x0000000742600000, 0x0000000742600000| Untracked 
|   9|0x0000000742700000, 0x0000000742700000, 0x0000000742800000|  0%| F|  |TAMS 0x0000000742700000, 0x0000000742700000| Untracked 
|  10|0x0000000742800000, 0x0000000742800000, 0x0000000742900000|  0%| F|  |TAMS 0x0000000742800000, 0x0000000742800000| Untracked 
|  11|0x0000000742900000, 0x0000000742900000, 0x0000000742a00000|  0%| F|  |TAMS 0x0000000742900000, 0x0000000742900000| Untracked 
|  12|0x0000000742a00000, 0x0000000742a00000, 0x0000000742b00000|  0%| F|  |TAMS 0x0000000742a00000, 0x0000000742a00000| Untracked 
|  13|0x0000000742b00000, 0x0000000742b00000, 0x0000000742c00000|  0%| F|  |TAMS 0x0000000742b00000, 0x0000000742b00000| Untracked 
|  14|0x0000000742c00000, 0x0000000742c00000, 0x0000000742d00000|  0%| F|  |TAMS 0x0000000742c00000, 0x0000000742c00000| Untracked 
|  15|0x0000000742d00000, 0x0000000742d00000, 0x0000000742e00000|  0%| F|  |TAMS 0x0000000742d00000, 0x0000000742d00000| Untracked 
|  16|0x0000000742e00000, 0x0000000742e00000, 0x0000000742f00000|  0%| F|  |TAMS 0x0000000742e00000, 0x0000000742e00000| Untracked 
|  17|0x0000000742f00000, 0x0000000742f00000, 0x0000000743000000|  0%| F|  |TAMS 0x0000000742f00000, 0x0000000742f00000| Untracked 
|  18|0x0000000743000000, 0x0000000743000000, 0x0000000743100000|  0%| F|  |TAMS 0x0000000743000000, 0x0000000743000000| Untracked 
|  19|0x0000000743100000, 0x0000000743100000, 0x0000000743200000|  0%| F|  |TAMS 0x0000000743100000, 0x0000000743100000| Untracked 
|  20|0x0000000743200000, 0x0000000743200000, 0x0000000743300000|  0%| F|  |TAMS 0x0000000743200000, 0x0000000743200000| Untracked 
|  21|0x0000000743300000, 0x0000000743300000, 0x0000000743400000|  0%| F|  |TAMS 0x0000000743300000, 0x0000000743300000| Untracked 
|  22|0x0000000743400000, 0x0000000743400000, 0x0000000743500000|  0%| F|  |TAMS 0x0000000743400000, 0x0000000743400000| Untracked 
|  23|0x0000000743500000, 0x0000000743500000, 0x0000000743600000|  0%| F|  |TAMS 0x0000000743500000, 0x0000000743500000| Untracked 
|  24|0x0000000743600000, 0x0000000743600000, 0x0000000743700000|  0%| F|  |TAMS 0x0000000743600000, 0x0000000743600000| Untracked 
|  25|0x0000000743700000, 0x0000000743700000, 0x0000000743800000|  0%| F|  |TAMS 0x0000000743700000, 0x0000000743700000| Untracked 
|  26|0x0000000743800000, 0x0000000743800000, 0x0000000743900000|  0%| F|  |TAMS 0x0000000743800000, 0x0000000743800000| Untracked 
|  27|0x0000000743900000, 0x0000000743900000, 0x0000000743a00000|  0%| F|  |TAMS 0x0000000743900000, 0x0000000743900000| Untracked 
|  28|0x0000000743a00000, 0x0000000743a00000, 0x0000000743b00000|  0%| F|  |TAMS 0x0000000743a00000, 0x0000000743a00000| Untracked 
|  29|0x0000000743b00000, 0x0000000743b00000, 0x0000000743c00000|  0%| F|  |TAMS 0x0000000743b00000, 0x0000000743b00000| Untracked 
|  30|0x0000000743c00000, 0x0000000743c00000, 0x0000000743d00000|  0%| F|  |TAMS 0x0000000743c00000, 0x0000000743c00000| Untracked 
|  31|0x0000000743d00000, 0x0000000743d00000, 0x0000000743e00000|  0%| F|  |TAMS 0x0000000743d00000, 0x0000000743d00000| Untracked 
|  32|0x0000000743e00000, 0x0000000743e00000, 0x0000000743f00000|  0%| F|  |TAMS 0x0000000743e00000, 0x0000000743e00000| Untracked 
|  33|0x0000000743f00000, 0x0000000743f00000, 0x0000000744000000|  0%| F|  |TAMS 0x0000000743f00000, 0x0000000743f00000| Untracked 
|  34|0x0000000744000000, 0x0000000744000000, 0x0000000744100000|  0%| F|  |TAMS 0x0000000744000000, 0x0000000744000000| Untracked 
|  35|0x0000000744100000, 0x0000000744100000, 0x0000000744200000|  0%| F|  |TAMS 0x0000000744100000, 0x0000000744100000| Untracked 
|  36|0x0000000744200000, 0x0000000744200000, 0x0000000744300000|  0%| F|  |TAMS 0x0000000744200000, 0x0000000744200000| Untracked 
|  37|0x0000000744300000, 0x0000000744300000, 0x0000000744400000|  0%| F|  |TAMS 0x0000000744300000, 0x0000000744300000| Untracked 
|  38|0x0000000744400000, 0x0000000744400000, 0x0000000744500000|  0%| F|  |TAMS 0x0000000744400000, 0x0000000744400000| Untracked 
|  39|0x0000000744500000, 0x0000000744500000, 0x0000000744600000|  0%| F|  |TAMS 0x0000000744500000, 0x0000000744500000| Untracked 
|  40|0x0000000744600000, 0x0000000744600000, 0x0000000744700000|  0%| F|  |TAMS 0x0000000744600000, 0x0000000744600000| Untracked 
|  41|0x0000000744700000, 0x0000000744700000, 0x0000000744800000|  0%| F|  |TAMS 0x0000000744700000, 0x0000000744700000| Untracked 
|  42|0x0000000744800000, 0x0000000744800000, 0x0000000744900000|  0%| F|  |TAMS 0x0000000744800000, 0x0000000744800000| Untracked 
|  43|0x0000000744900000, 0x0000000744900000, 0x0000000744a00000|  0%| F|  |TAMS 0x0000000744900000, 0x0000000744900000| Untracked 
|  44|0x0000000744a00000, 0x0000000744a00000, 0x0000000744b00000|  0%| F|  |TAMS 0x0000000744a00000, 0x0000000744a00000| Untracked 
|  45|0x0000000744b00000, 0x0000000744b00000, 0x0000000744c00000|  0%| F|  |TAMS 0x0000000744b00000, 0x0000000744b00000| Untracked 
|  46|0x0000000744c00000, 0x0000000744c00000, 0x0000000744d00000|  0%| F|  |TAMS 0x0000000744c00000, 0x0000000744c00000| Untracked 
|  47|0x0000000744d00000, 0x0000000744d00000, 0x0000000744e00000|  0%| F|  |TAMS 0x0000000744d00000, 0x0000000744d00000| Untracked 
|  48|0x0000000744e00000, 0x0000000744e00000, 0x0000000744f00000|  0%| F|  |TAMS 0x0000000744e00000, 0x0000000744e00000| Untracked 
|  49|0x0000000744f00000, 0x0000000744f00000, 0x0000000745000000|  0%| F|  |TAMS 0x0000000744f00000, 0x0000000744f00000| Untracked 
|  50|0x0000000745000000, 0x0000000745000000, 0x0000000745100000|  0%| F|  |TAMS 0x0000000745000000, 0x0000000745000000| Untracked 
|  51|0x0000000745100000, 0x0000000745100000, 0x0000000745200000|  0%| F|  |TAMS 0x0000000745100000, 0x0000000745100000| Untracked 
|  52|0x0000000745200000, 0x0000000745200000, 0x0000000745300000|  0%| F|  |TAMS 0x0000000745200000, 0x0000000745200000| Untracked 
|  53|0x0000000745300000, 0x0000000745300000, 0x0000000745400000|  0%| F|  |TAMS 0x0000000745300000, 0x0000000745300000| Untracked 
|  54|0x0000000745400000, 0x0000000745400000, 0x0000000745500000|  0%| F|  |TAMS 0x0000000745400000, 0x0000000745400000| Untracked 
|  55|0x0000000745500000, 0x0000000745500000, 0x0000000745600000|  0%| F|  |TAMS 0x0000000745500000, 0x0000000745500000| Untracked 
|  56|0x0000000745600000, 0x0000000745600000, 0x0000000745700000|  0%| F|  |TAMS 0x0000000745600000, 0x0000000745600000| Untracked 
|  57|0x0000000745700000, 0x0000000745700000, 0x0000000745800000|  0%| F|  |TAMS 0x0000000745700000, 0x0000000745700000| Untracked 
|  58|0x0000000745800000, 0x0000000745800000, 0x0000000745900000|  0%| F|  |TAMS 0x0000000745800000, 0x0000000745800000| Untracked 
|  59|0x0000000745900000, 0x0000000745900000, 0x0000000745a00000|  0%| F|  |TAMS 0x0000000745900000, 0x0000000745900000| Untracked 
|  60|0x0000000745a00000, 0x0000000745a00000, 0x0000000745b00000|  0%| F|  |TAMS 0x0000000745a00000, 0x0000000745a00000| Untracked 
|  61|0x0000000745b00000, 0x0000000745b00000, 0x0000000745c00000|  0%| F|  |TAMS 0x0000000745b00000, 0x0000000745b00000| Untracked 
|  62|0x0000000745c00000, 0x0000000745c00000, 0x0000000745d00000|  0%| F|  |TAMS 0x0000000745c00000, 0x0000000745c00000| Untracked 
|  63|0x0000000745d00000, 0x0000000745d00000, 0x0000000745e00000|  0%| F|  |TAMS 0x0000000745d00000, 0x0000000745d00000| Untracked 
|  64|0x0000000745e00000, 0x0000000745e00000, 0x0000000745f00000|  0%| F|  |TAMS 0x0000000745e00000, 0x0000000745e00000| Untracked 
|  65|0x0000000745f00000, 0x0000000745f00000, 0x0000000746000000|  0%| F|  |TAMS 0x0000000745f00000, 0x0000000745f00000| Untracked 
|  66|0x0000000746000000, 0x0000000746000000, 0x0000000746100000|  0%| F|  |TAMS 0x0000000746000000, 0x0000000746000000| Untracked 
|  67|0x0000000746100000, 0x0000000746100000, 0x0000000746200000|  0%| F|  |TAMS 0x0000000746100000, 0x0000000746100000| Untracked 
|  68|0x0000000746200000, 0x0000000746200000, 0x0000000746300000|  0%| F|  |TAMS 0x0000000746200000, 0x0000000746200000| Untracked 
|  69|0x0000000746300000, 0x0000000746300000, 0x0000000746400000|  0%| F|  |TAMS 0x0000000746300000, 0x0000000746300000| Untracked 
|  70|0x0000000746400000, 0x0000000746400000, 0x0000000746500000|  0%| F|  |TAMS 0x0000000746400000, 0x0000000746400000| Untracked 
|  71|0x0000000746500000, 0x0000000746500000, 0x0000000746600000|  0%| F|  |TAMS 0x0000000746500000, 0x0000000746500000| Untracked 
|  72|0x0000000746600000, 0x0000000746600000, 0x0000000746700000|  0%| F|  |TAMS 0x0000000746600000, 0x0000000746600000| Untracked 
|  73|0x0000000746700000, 0x0000000746700000, 0x0000000746800000|  0%| F|  |TAMS 0x0000000746700000, 0x0000000746700000| Untracked 
|  74|0x0000000746800000, 0x0000000746800000, 0x0000000746900000|  0%| F|  |TAMS 0x0000000746800000, 0x0000000746800000| Untracked 
|  75|0x0000000746900000, 0x0000000746900000, 0x0000000746a00000|  0%| F|  |TAMS 0x0000000746900000, 0x0000000746900000| Untracked 
|  76|0x0000000746a00000, 0x0000000746a00000, 0x0000000746b00000|  0%| F|  |TAMS 0x0000000746a00000, 0x0000000746a00000| Untracked 
|  77|0x0000000746b00000, 0x0000000746b00000, 0x0000000746c00000|  0%| F|  |TAMS 0x0000000746b00000, 0x0000000746b00000| Untracked 
|  78|0x0000000746c00000, 0x0000000746c00000, 0x0000000746d00000|  0%| F|  |TAMS 0x0000000746c00000, 0x0000000746c00000| Untracked 
|  79|0x0000000746d00000, 0x0000000746d00000, 0x0000000746e00000|  0%| F|  |TAMS 0x0000000746d00000, 0x0000000746d00000| Untracked 
|  80|0x0000000746e00000, 0x0000000746e00000, 0x0000000746f00000|  0%| F|  |TAMS 0x0000000746e00000, 0x0000000746e00000| Untracked 
|  81|0x0000000746f00000, 0x0000000746f00000, 0x0000000747000000|  0%| F|  |TAMS 0x0000000746f00000, 0x0000000746f00000| Untracked 
|  82|0x0000000747000000, 0x0000000747000000, 0x0000000747100000|  0%| F|  |TAMS 0x0000000747000000, 0x0000000747000000| Untracked 
|  83|0x0000000747100000, 0x0000000747100000, 0x0000000747200000|  0%| F|  |TAMS 0x0000000747100000, 0x0000000747100000| Untracked 
|  84|0x0000000747200000, 0x0000000747200000, 0x0000000747300000|  0%| F|  |TAMS 0x0000000747200000, 0x0000000747200000| Untracked 
|  85|0x0000000747300000, 0x0000000747300000, 0x0000000747400000|  0%| F|  |TAMS 0x0000000747300000, 0x0000000747300000| Untracked 
|  86|0x0000000747400000, 0x0000000747400000, 0x0000000747500000|  0%| F|  |TAMS 0x0000000747400000, 0x0000000747400000| Untracked 
|  87|0x0000000747500000, 0x0000000747500000, 0x0000000747600000|  0%| F|  |TAMS 0x0000000747500000, 0x0000000747500000| Untracked 
|  88|0x0000000747600000, 0x0000000747600000, 0x0000000747700000|  0%| F|  |TAMS 0x0000000747600000, 0x0000000747600000| Untracked 
|  89|0x0000000747700000, 0x0000000747700000, 0x0000000747800000|  0%| F|  |TAMS 0x0000000747700000, 0x0000000747700000| Untracked 
|  90|0x0000000747800000, 0x0000000747800000, 0x0000000747900000|  0%| F|  |TAMS 0x0000000747800000, 0x0000000747800000| Untracked 
|  91|0x0000000747900000, 0x0000000747900000, 0x0000000747a00000|  0%| F|  |TAMS 0x0000000747900000, 0x0000000747900000| Untracked 
|  92|0x0000000747a00000, 0x0000000747a00000, 0x0000000747b00000|  0%| F|  |TAMS 0x0000000747a00000, 0x0000000747a00000| Untracked 
|  93|0x0000000747b00000, 0x0000000747b00000, 0x0000000747c00000|  0%| F|  |TAMS 0x0000000747b00000, 0x0000000747b00000| Untracked 
|  94|0x0000000747c00000, 0x0000000747c00000, 0x0000000747d00000|  0%| F|  |TAMS 0x0000000747c00000, 0x0000000747c00000| Untracked 
|  95|0x0000000747d00000, 0x0000000747d00000, 0x0000000747e00000|  0%| F|  |TAMS 0x0000000747d00000, 0x0000000747d00000| Untracked 
|  96|0x0000000747e00000, 0x0000000747e00000, 0x0000000747f00000|  0%| F|  |TAMS 0x0000000747e00000, 0x0000000747e00000| Untracked 
|  97|0x0000000747f00000, 0x0000000747f00000, 0x0000000748000000|  0%| F|  |TAMS 0x0000000747f00000, 0x0000000747f00000| Untracked 
|  98|0x0000000748000000, 0x0000000748000000, 0x0000000748100000|  0%| F|  |TAMS 0x0000000748000000, 0x0000000748000000| Untracked 
|  99|0x0000000748100000, 0x0000000748100000, 0x0000000748200000|  0%| F|  |TAMS 0x0000000748100000, 0x0000000748100000| Untracked 
| 100|0x0000000748200000, 0x0000000748200000, 0x0000000748300000|  0%| F|  |TAMS 0x0000000748200000, 0x0000000748200000| Untracked 
| 101|0x0000000748300000, 0x0000000748300000, 0x0000000748400000|  0%| F|  |TAMS 0x0000000748300000, 0x0000000748300000| Untracked 
| 102|0x0000000748400000, 0x0000000748400000, 0x0000000748500000|  0%| F|  |TAMS 0x0000000748400000, 0x0000000748400000| Untracked 
| 103|0x0000000748500000, 0x0000000748500000, 0x0000000748600000|  0%| F|  |TAMS 0x0000000748500000, 0x0000000748500000| Untracked 
| 104|0x0000000748600000, 0x0000000748600000, 0x0000000748700000|  0%| F|  |TAMS 0x0000000748600000, 0x0000000748600000| Untracked 
| 105|0x0000000748700000, 0x0000000748700000, 0x0000000748800000|  0%| F|  |TAMS 0x0000000748700000, 0x0000000748700000| Untracked 
| 106|0x0000000748800000, 0x0000000748800000, 0x0000000748900000|  0%| F|  |TAMS 0x0000000748800000, 0x0000000748800000| Untracked 
| 107|0x0000000748900000, 0x0000000748900000, 0x0000000748a00000|  0%| F|  |TAMS 0x0000000748900000, 0x0000000748900000| Untracked 
| 108|0x0000000748a00000, 0x0000000748a00000, 0x0000000748b00000|  0%| F|  |TAMS 0x0000000748a00000, 0x0000000748a00000| Untracked 
| 109|0x0000000748b00000, 0x0000000748b00000, 0x0000000748c00000|  0%| F|  |TAMS 0x0000000748b00000, 0x0000000748b00000| Untracked 
| 110|0x0000000748c00000, 0x0000000748c00000, 0x0000000748d00000|  0%| F|  |TAMS 0x0000000748c00000, 0x0000000748c00000| Untracked 
| 111|0x0000000748d00000, 0x0000000748d00000, 0x0000000748e00000|  0%| F|  |TAMS 0x0000000748d00000, 0x0000000748d00000| Untracked 
| 112|0x0000000748e00000, 0x0000000748e00000, 0x0000000748f00000|  0%| F|  |TAMS 0x0000000748e00000, 0x0000000748e00000| Untracked 
| 113|0x0000000748f00000, 0x0000000748f00000, 0x0000000749000000|  0%| F|  |TAMS 0x0000000748f00000, 0x0000000748f00000| Untracked 
| 114|0x0000000749000000, 0x0000000749000000, 0x0000000749100000|  0%| F|  |TAMS 0x0000000749000000, 0x0000000749000000| Untracked 
| 115|0x0000000749100000, 0x0000000749100000, 0x0000000749200000|  0%| F|  |TAMS 0x0000000749100000, 0x0000000749100000| Untracked 
| 116|0x0000000749200000, 0x0000000749200000, 0x0000000749300000|  0%| F|  |TAMS 0x0000000749200000, 0x0000000749200000| Untracked 
| 117|0x0000000749300000, 0x0000000749300000, 0x0000000749400000|  0%| F|  |TAMS 0x0000000749300000, 0x0000000749300000| Untracked 
| 118|0x0000000749400000, 0x0000000749400000, 0x0000000749500000|  0%| F|  |TAMS 0x0000000749400000, 0x0000000749400000| Untracked 
| 119|0x0000000749500000, 0x0000000749500000, 0x0000000749600000|  0%| F|  |TAMS 0x0000000749500000, 0x0000000749500000| Untracked 
| 120|0x0000000749600000, 0x0000000749600000, 0x0000000749700000|  0%| F|  |TAMS 0x0000000749600000, 0x0000000749600000| Untracked 
| 121|0x0000000749700000, 0x0000000749700000, 0x0000000749800000|  0%| F|  |TAMS 0x0000000749700000, 0x0000000749700000| Untracked 
| 122|0x0000000749800000, 0x0000000749800000, 0x0000000749900000|  0%| F|  |TAMS 0x0000000749800000, 0x0000000749800000| Untracked 
| 123|0x0000000749900000, 0x0000000749900000, 0x0000000749a00000|  0%| F|  |TAMS 0x0000000749900000, 0x0000000749900000| Untracked 
| 124|0x0000000749a00000, 0x0000000749a00000, 0x0000000749b00000|  0%| F|  |TAMS 0x0000000749a00000, 0x0000000749a00000| Untracked 
| 125|0x0000000749b00000, 0x0000000749b00000, 0x0000000749c00000|  0%| F|  |TAMS 0x0000000749b00000, 0x0000000749b00000| Untracked 
| 126|0x0000000749c00000, 0x0000000749c00000, 0x0000000749d00000|  0%| F|  |TAMS 0x0000000749c00000, 0x0000000749c00000| Untracked 
| 127|0x0000000749d00000, 0x0000000749d00000, 0x0000000749e00000|  0%| F|  |TAMS 0x0000000749d00000, 0x0000000749d00000| Untracked 
| 128|0x0000000749e00000, 0x0000000749e00000, 0x0000000749f00000|  0%| F|  |TAMS 0x0000000749e00000, 0x0000000749e00000| Untracked 
| 129|0x0000000749f00000, 0x0000000749f00000, 0x000000074a000000|  0%| F|  |TAMS 0x0000000749f00000, 0x0000000749f00000| Untracked 
| 130|0x000000074a000000, 0x000000074a000000, 0x000000074a100000|  0%| F|  |TAMS 0x000000074a000000, 0x000000074a000000| Untracked 
| 131|0x000000074a100000, 0x000000074a100000, 0x000000074a200000|  0%| F|  |TAMS 0x000000074a100000, 0x000000074a100000| Untracked 
| 132|0x000000074a200000, 0x000000074a200000, 0x000000074a300000|  0%| F|  |TAMS 0x000000074a200000, 0x000000074a200000| Untracked 
| 133|0x000000074a300000, 0x000000074a300000, 0x000000074a400000|  0%| F|  |TAMS 0x000000074a300000, 0x000000074a300000| Untracked 
| 134|0x000000074a400000, 0x000000074a400000, 0x000000074a500000|  0%| F|  |TAMS 0x000000074a400000, 0x000000074a400000| Untracked 
| 135|0x000000074a500000, 0x000000074a500000, 0x000000074a600000|  0%| F|  |TAMS 0x000000074a500000, 0x000000074a500000| Untracked 
| 136|0x000000074a600000, 0x000000074a600000, 0x000000074a700000|  0%| F|  |TAMS 0x000000074a600000, 0x000000074a600000| Untracked 
| 137|0x000000074a700000, 0x000000074a700000, 0x000000074a800000|  0%| F|  |TAMS 0x000000074a700000, 0x000000074a700000| Untracked 
| 138|0x000000074a800000, 0x000000074a800000, 0x000000074a900000|  0%| F|  |TAMS 0x000000074a800000, 0x000000074a800000| Untracked 
| 139|0x000000074a900000, 0x000000074a900000, 0x000000074aa00000|  0%| F|  |TAMS 0x000000074a900000, 0x000000074a900000| Untracked 
| 140|0x000000074aa00000, 0x000000074aa00000, 0x000000074ab00000|  0%| F|  |TAMS 0x000000074aa00000, 0x000000074aa00000| Untracked 
| 141|0x000000074ab00000, 0x000000074ab00000, 0x000000074ac00000|  0%| F|  |TAMS 0x000000074ab00000, 0x000000074ab00000| Untracked 
| 142|0x000000074ac00000, 0x000000074ac00000, 0x000000074ad00000|  0%| F|  |TAMS 0x000000074ac00000, 0x000000074ac00000| Untracked 
| 143|0x000000074ad00000, 0x000000074ad00000, 0x000000074ae00000|  0%| F|  |TAMS 0x000000074ad00000, 0x000000074ad00000| Untracked 
| 144|0x000000074ae00000, 0x000000074ae00000, 0x000000074af00000|  0%| F|  |TAMS 0x000000074ae00000, 0x000000074ae00000| Untracked 
| 145|0x000000074af00000, 0x000000074af00000, 0x000000074b000000|  0%| F|  |TAMS 0x000000074af00000, 0x000000074af00000| Untracked 
| 146|0x000000074b000000, 0x000000074b000000, 0x000000074b100000|  0%| F|  |TAMS 0x000000074b000000, 0x000000074b000000| Untracked 
| 147|0x000000074b100000, 0x000000074b100000, 0x000000074b200000|  0%| F|  |TAMS 0x000000074b100000, 0x000000074b100000| Untracked 
| 148|0x000000074b200000, 0x000000074b200000, 0x000000074b300000|  0%| F|  |TAMS 0x000000074b200000, 0x000000074b200000| Untracked 
| 149|0x000000074b300000, 0x000000074b300000, 0x000000074b400000|  0%| F|  |TAMS 0x000000074b300000, 0x000000074b300000| Untracked 
| 150|0x000000074b400000, 0x000000074b400000, 0x000000074b500000|  0%| F|  |TAMS 0x000000074b400000, 0x000000074b400000| Untracked 
| 151|0x000000074b500000, 0x000000074b500000, 0x000000074b600000|  0%| F|  |TAMS 0x000000074b500000, 0x000000074b500000| Untracked 
| 152|0x000000074b600000, 0x000000074b600000, 0x000000074b700000|  0%| F|  |TAMS 0x000000074b600000, 0x000000074b600000| Untracked 
| 153|0x000000074b700000, 0x000000074b700000, 0x000000074b800000|  0%| F|  |TAMS 0x000000074b700000, 0x000000074b700000| Untracked 
| 154|0x000000074b800000, 0x000000074b800000, 0x000000074b900000|  0%| F|  |TAMS 0x000000074b800000, 0x000000074b800000| Untracked 
| 155|0x000000074b900000, 0x000000074b900000, 0x000000074ba00000|  0%| F|  |TAMS 0x000000074b900000, 0x000000074b900000| Untracked 
| 156|0x000000074ba00000, 0x000000074ba00000, 0x000000074bb00000|  0%| F|  |TAMS 0x000000074ba00000, 0x000000074ba00000| Untracked 
| 157|0x000000074bb00000, 0x000000074bb00000, 0x000000074bc00000|  0%| F|  |TAMS 0x000000074bb00000, 0x000000074bb00000| Untracked 
| 158|0x000000074bc00000, 0x000000074bc00000, 0x000000074bd00000|  0%| F|  |TAMS 0x000000074bc00000, 0x000000074bc00000| Untracked 
| 159|0x000000074bd00000, 0x000000074bd00000, 0x000000074be00000|  0%| F|  |TAMS 0x000000074bd00000, 0x000000074bd00000| Untracked 
| 160|0x000000074be00000, 0x000000074be00000, 0x000000074bf00000|  0%| F|  |TAMS 0x000000074be00000, 0x000000074be00000| Untracked 
| 161|0x000000074bf00000, 0x000000074bf00000, 0x000000074c000000|  0%| F|  |TAMS 0x000000074bf00000, 0x000000074bf00000| Untracked 
| 162|0x000000074c000000, 0x000000074c000000, 0x000000074c100000|  0%| F|  |TAMS 0x000000074c000000, 0x000000074c000000| Untracked 
| 163|0x000000074c100000, 0x000000074c100000, 0x000000074c200000|  0%| F|  |TAMS 0x000000074c100000, 0x000000074c100000| Untracked 
| 164|0x000000074c200000, 0x000000074c200000, 0x000000074c300000|  0%| F|  |TAMS 0x000000074c200000, 0x000000074c200000| Untracked 
| 165|0x000000074c300000, 0x000000074c300000, 0x000000074c400000|  0%| F|  |TAMS 0x000000074c300000, 0x000000074c300000| Untracked 
| 166|0x000000074c400000, 0x000000074c400000, 0x000000074c500000|  0%| F|  |TAMS 0x000000074c400000, 0x000000074c400000| Untracked 
| 167|0x000000074c500000, 0x000000074c500000, 0x000000074c600000|  0%| F|  |TAMS 0x000000074c500000, 0x000000074c500000| Untracked 
| 168|0x000000074c600000, 0x000000074c600000, 0x000000074c700000|  0%| F|  |TAMS 0x000000074c600000, 0x000000074c600000| Untracked 
| 169|0x000000074c700000, 0x000000074c700000, 0x000000074c800000|  0%| F|  |TAMS 0x000000074c700000, 0x000000074c700000| Untracked 
| 170|0x000000074c800000, 0x000000074c800000, 0x000000074c900000|  0%| F|  |TAMS 0x000000074c800000, 0x000000074c800000| Untracked 
| 171|0x000000074c900000, 0x000000074c900000, 0x000000074ca00000|  0%| F|  |TAMS 0x000000074c900000, 0x000000074c900000| Untracked 
| 172|0x000000074ca00000, 0x000000074ca00000, 0x000000074cb00000|  0%| F|  |TAMS 0x000000074ca00000, 0x000000074ca00000| Untracked 
| 173|0x000000074cb00000, 0x000000074cbc0ed8, 0x000000074cc00000| 75%| S|CS|TAMS 0x000000074cb00000, 0x000000074cb00000| Complete 
| 174|0x000000074cc00000, 0x000000074cd00000, 0x000000074cd00000|100%| S|CS|TAMS 0x000000074cc00000, 0x000000074cc00000| Complete 
| 175|0x000000074cd00000, 0x000000074ce00000, 0x000000074ce00000|100%| S|CS|TAMS 0x000000074cd00000, 0x000000074cd00000| Complete 
| 176|0x000000074ce00000, 0x000000074ce00000, 0x000000074cf00000|  0%| F|  |TAMS 0x000000074ce00000, 0x000000074ce00000| Untracked 
| 177|0x000000074cf00000, 0x000000074cf00000, 0x000000074d000000|  0%| F|  |TAMS 0x000000074cf00000, 0x000000074cf00000| Untracked 
| 178|0x000000074d000000, 0x000000074d000000, 0x000000074d100000|  0%| F|  |TAMS 0x000000074d000000, 0x000000074d000000| Untracked 
| 179|0x000000074d100000, 0x000000074d100000, 0x000000074d200000|  0%| F|  |TAMS 0x000000074d100000, 0x000000074d100000| Untracked 
| 180|0x000000074d200000, 0x000000074d200000, 0x000000074d300000|  0%| F|  |TAMS 0x000000074d200000, 0x000000074d200000| Untracked 
| 181|0x000000074d300000, 0x000000074d300000, 0x000000074d400000|  0%| F|  |TAMS 0x000000074d300000, 0x000000074d300000| Untracked 
| 182|0x000000074d400000, 0x000000074d400000, 0x000000074d500000|  0%| F|  |TAMS 0x000000074d400000, 0x000000074d400000| Untracked 
| 183|0x000000074d500000, 0x000000074d500000, 0x000000074d600000|  0%| F|  |TAMS 0x000000074d500000, 0x000000074d500000| Untracked 
| 184|0x000000074d600000, 0x000000074d600000, 0x000000074d700000|  0%| F|  |TAMS 0x000000074d600000, 0x000000074d600000| Untracked 
| 185|0x000000074d700000, 0x000000074d700000, 0x000000074d800000|  0%| F|  |TAMS 0x000000074d700000, 0x000000074d700000| Untracked 
| 186|0x000000074d800000, 0x000000074d800000, 0x000000074d900000|  0%| F|  |TAMS 0x000000074d800000, 0x000000074d800000| Untracked 
| 187|0x000000074d900000, 0x000000074d900000, 0x000000074da00000|  0%| F|  |TAMS 0x000000074d900000, 0x000000074d900000| Untracked 
| 188|0x000000074da00000, 0x000000074da00000, 0x000000074db00000|  0%| F|  |TAMS 0x000000074da00000, 0x000000074da00000| Untracked 
| 189|0x000000074db00000, 0x000000074db00000, 0x000000074dc00000|  0%| F|  |TAMS 0x000000074db00000, 0x000000074db00000| Untracked 
| 190|0x000000074dc00000, 0x000000074dc00000, 0x000000074dd00000|  0%| F|  |TAMS 0x000000074dc00000, 0x000000074dc00000| Untracked 
| 191|0x000000074dd00000, 0x000000074dd00000, 0x000000074de00000|  0%| F|  |TAMS 0x000000074dd00000, 0x000000074dd00000| Untracked 

Card table byte_map: [0x0000020c41b90000,0x0000020c42190000] _byte_map_base: 0x0000020c3e181000

Marking Bits (Prev, Next): (CMBitMap*) 0x0000020c2cce9d78, (CMBitMap*) 0x0000020c2cce9db0
 Prev Bits: [0x0000020c42790000, 0x0000020c45718000)
 Next Bits: [0x0000020c45720000, 0x0000020c486a8000)

Polling page: 0x0000020c2ca50000

Metaspace:

Usage:
  Non-class:     12.74 MB capacity,    12.55 MB ( 99%) used,   167.34 KB (  1%) free+waste,    20.25 KB ( <1%) overhead. 
      Class:      1.73 MB capacity,     1.62 MB ( 94%) used,   102.69 KB (  6%) free+waste,    10.00 KB ( <1%) overhead. 
       Both:     14.46 MB capacity,    14.17 MB ( 98%) used,   270.02 KB (  2%) free+waste,    30.25 KB ( <1%) overhead. 

Virtual space:
  Non-class space:       24.00 MB reserved,      12.75 MB ( 53%) committed 
      Class space:        1.00 GB reserved,       1.75 MB ( <1%) committed 
             Both:        1.02 GB reserved,      14.50 MB (  1%) committed 

Chunk freelists:
   Non-Class:  15.00 KB
       Class:  23.00 KB
        Both:  38.00 KB

MaxMetaspaceSize: 17179869184.00 GB
CompressedClassSpaceSize: 1.00 GB
Initial GC threshold: 20.80 MB
Current GC threshold: 21.12 MB
CDS: off

CodeHeap 'non-profiled nmethods': size=120064Kb used=420Kb max_used=420Kb free=119643Kb
 bounds [0x0000020c39a30000, 0x0000020c39ca0000, 0x0000020c40f70000]
CodeHeap 'profiled nmethods': size=120000Kb used=2189Kb max_used=2189Kb free=117810Kb
 bounds [0x0000020c32500000, 0x0000020c32770000, 0x0000020c39a30000]
CodeHeap 'non-nmethods': size=5696Kb used=1150Kb max_used=1157Kb free=4546Kb
 bounds [0x0000020c31f70000, 0x0000020c321e0000, 0x0000020c32500000]
 total_blobs=1564 nmethods=1155 adapters=322
 compilation: enabled
              stopped_count=0, restarted_count=0
 full_count=0

Compilation events (20 events):
Event: 3.055 Thread 0x0000020c4b66f000 1148       3       java.util.regex.Matcher::start (65 bytes)
Event: 3.056 Thread 0x0000020c4b66f000 nmethod 1148 0x0000020c3271d690 code [0x0000020c3271d920, 0x0000020c3271e3a8]
Event: 3.056 Thread 0x0000020c4b66f000 1147       3       java.util.regex.Matcher::end (67 bytes)
Event: 3.057 Thread 0x0000020c4b66f000 nmethod 1147 0x0000020c3271e790 code [0x0000020c3271ea20, 0x0000020c3271f4a8]
Event: 3.060 Thread 0x0000020c4b66f000 1150       3       jdk.internal.jimage.ImageStringsReader::charsFromByteBufferLength (47 bytes)
Event: 3.060 Thread 0x0000020c4b66f000 nmethod 1150 0x0000020c3271f890 code [0x0000020c3271fa80, 0x0000020c3271ff18]
Event: 3.060 Thread 0x0000020c4b66f000 1151       3       jdk.internal.module.SystemModuleFinders$SystemImage::reader (4 bytes)
Event: 3.060 Thread 0x0000020c4b66f000 nmethod 1151 0x0000020c32720090 code [0x0000020c32720240, 0x0000020c32720338]
Event: 3.060 Thread 0x0000020c4b66f000 1152       3       jdk.internal.jimage.ImageReader::requireOpen (18 bytes)
Event: 3.060 Thread 0x0000020c4b5f7800 1154       4       jdk.internal.jimage.ImageStringsReader::unmaskedHashCode (173 bytes)
Event: 3.061 Thread 0x0000020c4b66f000 nmethod 1152 0x0000020c32720390 code [0x0000020c32720560, 0x0000020c32720788]
Event: 3.061 Thread 0x0000020c4b66f000 1153       3       jdk.internal.module.SystemModuleFinders$SystemModuleReader::find (54 bytes)
Event: 3.062 Thread 0x0000020c4b66f000 nmethod 1153 0x0000020c32720890 code [0x0000020c32720bc0, 0x0000020c32721c58]
Event: 3.062 Thread 0x0000020c4b66f000 1155       3       java.nio.MappedByteBuffer::limit (6 bytes)
Event: 3.062 Thread 0x0000020c4b66f000 nmethod 1155 0x0000020c32722290 code [0x0000020c32722460, 0x0000020c32722668]
Event: 3.062 Thread 0x0000020c4b66f000 1156       3       java.nio.MappedByteBuffer::position (6 bytes)
Event: 3.063 Thread 0x0000020c4b66f000 nmethod 1156 0x0000020c32722790 code [0x0000020c32722960, 0x0000020c32722b68]
Event: 3.063 Thread 0x0000020c4b66f000 1157   !   3       jdk.internal.jimage.BasicImageReader::slice (32 bytes)
Event: 3.063 Thread 0x0000020c4b66f000 nmethod 1157 0x0000020c32722c90 code [0x0000020c32722e80, 0x0000020c32723388]
Event: 3.063 Thread 0x0000020c4b66f000 1158       3       java.nio.MappedByteBuffer::limit (6 bytes)

GC Heap History (6 events):
Event: 1.202 GC heap before
{Heap before GC invocations=0 (full 0):
 garbage-first heap   total 196608K, used 16384K [0x0000000741e00000, 0x0000000800000000)
  region size 1024K, 14 young (14336K), 0 survivors (0K)
 Metaspace       used 8388K, capacity 8612K, committed 8832K, reserved 1056768K
  class space    used 750K, capacity 823K, committed 896K, reserved 1048576K
}
Event: 1.215 GC heap after
{Heap after GC invocations=1 (full 0):
 garbage-first heap   total 196608K, used 3689K [0x0000000741e00000, 0x0000000800000000)
  region size 1024K, 2 young (2048K), 2 survivors (2048K)
 Metaspace       used 8388K, capacity 8612K, committed 8832K, reserved 1056768K
  class space    used 750K, capacity 823K, committed 896K, reserved 1048576K
}
Event: 1.829 GC heap before
{Heap before GC invocations=1 (full 0):
 garbage-first heap   total 196608K, used 19049K [0x0000000741e00000, 0x0000000800000000)
  region size 1024K, 14 young (14336K), 2 survivors (2048K)
 Metaspace       used 11028K, capacity 11320K, committed 11520K, reserved 1058816K
  class space    used 1149K, capacity 1241K, committed 1280K, reserved 1048576K
}
Event: 1.832 GC heap after
{Heap after GC invocations=2 (full 0):
 garbage-first heap   total 196608K, used 9893K [0x0000000741e00000, 0x0000000800000000)
  region size 1024K, 2 young (2048K), 2 survivors (2048K)
 Metaspace       used 11028K, capacity 11320K, committed 11520K, reserved 1058816K
  class space    used 1149K, capacity 1241K, committed 1280K, reserved 1048576K
}
Event: 3.063 GC heap before
{Heap before GC invocations=2 (full 0):
 garbage-first heap   total 196608K, used 23205K [0x0000000741e00000, 0x0000000800000000)
  region size 1024K, 16 young (16384K), 2 survivors (2048K)
 Metaspace       used 14509K, capacity 14810K, committed 14848K, reserved 1071104K
  class space    used 1656K, capacity 1769K, committed 1792K, reserved 1048576K
}
Event: 3.067 GC heap after
{Heap after GC invocations=3 (full 0):
 garbage-first heap   total 196608K, used 10664K [0x0000000741e00000, 0x0000000800000000)
  region size 1024K, 3 young (3072K), 3 survivors (3072K)
 Metaspace       used 14509K, capacity 14810K, committed 14848K, reserved 1071104K
  class space    used 1656K, capacity 1769K, committed 1792K, reserved 1048576K
}

Deoptimization events (20 events):
Event: 2.199 Thread 0x0000020c2cc99000 DEOPT PACKING pc=0x0000020c325e8dc0 sp=0x000000b8291f8990
Event: 2.199 Thread 0x0000020c2cc99000 DEOPT UNPACKING pc=0x0000020c31fba95e sp=0x000000b8291f7ea8 mode 0
Event: 2.211 Thread 0x0000020c2cc99000 DEOPT PACKING pc=0x0000020c325a187f sp=0x000000b8291f86a0
Event: 2.212 Thread 0x0000020c2cc99000 DEOPT UNPACKING pc=0x0000020c31fba95e sp=0x000000b8291f7af0 mode 0
Event: 2.212 Thread 0x0000020c2cc99000 Uncommon trap: trap_request=0xffffff4d fr.pc=0x0000020c39a85300 relative=0x00000000000001c0
Event: 2.212 Thread 0x0000020c2cc99000 Uncommon trap: reason=unstable_if action=reinterpret pc=0x0000020c39a85300 method=java.util.HashMap.getNode(ILjava/lang/Object;)Ljava/util/HashMap$Node; @ 129 c2
Event: 2.212 Thread 0x0000020c2cc99000 DEOPT PACKING pc=0x0000020c39a85300 sp=0x000000b8291fa7f0
Event: 2.212 Thread 0x0000020c2cc99000 DEOPT UNPACKING pc=0x0000020c31fba1af sp=0x000000b8291fa6f0 mode 2
Event: 2.565 Thread 0x0000020c2cc99000 Uncommon trap: trap_request=0xffffff4d fr.pc=0x0000020c39a82548 relative=0x0000000000001ae8
Event: 2.565 Thread 0x0000020c2cc99000 Uncommon trap: reason=unstable_if action=reinterpret pc=0x0000020c39a82548 method=java.io.WinNTFileSystem.normalize(Ljava/lang/String;)Ljava/lang/String; @ 128 c2
Event: 2.565 Thread 0x0000020c2cc99000 DEOPT PACKING pc=0x0000020c39a82548 sp=0x000000b8291fa320
Event: 2.565 Thread 0x0000020c2cc99000 DEOPT UNPACKING pc=0x0000020c31fba1af sp=0x000000b8291fa2f8 mode 2
Event: 3.044 Thread 0x0000020c2cc99000 Uncommon trap: trap_request=0xffffff4d fr.pc=0x0000020c39a619a4 relative=0x0000000000000564
Event: 3.044 Thread 0x0000020c2cc99000 Uncommon trap: reason=unstable_if action=reinterpret pc=0x0000020c39a619a4 method=java.lang.AbstractStringBuilder.append(Ljava/lang/String;)Ljava/lang/AbstractStringBuilder; @ 1 c2
Event: 3.044 Thread 0x0000020c2cc99000 DEOPT PACKING pc=0x0000020c39a619a4 sp=0x000000b8291fc690
Event: 3.044 Thread 0x0000020c2cc99000 DEOPT UNPACKING pc=0x0000020c31fba1af sp=0x000000b8291fc610 mode 2
Event: 3.044 Thread 0x0000020c2cc99000 Uncommon trap: trap_request=0xffffff4d fr.pc=0x0000020c39a6faf8 relative=0x0000000000000538
Event: 3.044 Thread 0x0000020c2cc99000 Uncommon trap: reason=unstable_if action=reinterpret pc=0x0000020c39a6faf8 method=java.lang.AbstractStringBuilder.append(Ljava/lang/String;)Ljava/lang/AbstractStringBuilder; @ 1 c2
Event: 3.044 Thread 0x0000020c2cc99000 DEOPT PACKING pc=0x0000020c39a6faf8 sp=0x000000b8291fc630
Event: 3.044 Thread 0x0000020c2cc99000 DEOPT UNPACKING pc=0x0000020c31fba1af sp=0x000000b8291fc618 mode 2

Classes redefined (0 events):
No events

Internal exceptions (14 events):
Event: 0.448 Thread 0x0000020c2cc99000 Exception <a 'java/lang/NoSuchMethodError'{0x000000074dc9b528}: 'int java.lang.invoke.DirectMethodHandle$Holder.invokeSpecialIFC(java.lang.Object, java.lang.Object, int)'> (0x000000074dc9b528) thrown at [./src/hotspot/share/interpreter/linkResolver.cpp, line 773]
Event: 0.628 Thread 0x0000020c2cc99000 Exception <a 'java/lang/NoSuchMethodError'{0x000000074da6f3a8}: 'int java.lang.invoke.DirectMethodHandle$Holder.invokeStaticInit(java.lang.Object, java.lang.Object)'> (0x000000074da6f3a8) thrown at [./src/hotspot/share/interpreter/linkResolver.cpp, line 773]
Event: 0.709 Thread 0x0000020c2cc99000 Exception <a 'java/lang/NoSuchMethodError'{0x000000074d939d40}: 'int java.lang.invoke.DirectMethodHandle$Holder.invokeSpecial(java.lang.Object, java.lang.Object, java.lang.Object, java.lang.Object)'> (0x000000074d939d40) thrown at [./src/hotspot/share/interpreter/linkResolver.cpp, line 773]
Event: 1.626 Thread 0x0000020c2cc99000 Implicit null exception at 0x0000020c39a6ec75 to 0x0000020c39a6ee68
Event: 1.662 Thread 0x0000020c2cc99000 Exception <a 'java/lang/NoClassDefFoundError'{0x000000074d4369d8}: org/slf4j/impl/StaticMarkerBinder> (0x000000074d4369d8) thrown at [./src/hotspot/share/classfile/systemDictionary.cpp, line 220]
Event: 1.696 Thread 0x0000020c2cc99000 Exception <a 'java/lang/NoSuchMethodError'{0x000000074d325890}: 'java.lang.Object java.lang.invoke.DirectMethodHandle$Holder.invokeVirtual(java.lang.Object, java.lang.Object, java.lang.Object, java.lang.Object, java.lang.Object, java.lang.Object, java.lang.Object)'> (0x000000074d325890) thrown at [./src/hotspot/share/interpreter/linkResolver.cpp, line 773]
Event: 1.700 Thread 0x0000020c2cc99000 Exception <a 'java/lang/NoSuchMethodError'{0x000000074d3392a8}: 'java.lang.Object java.lang.invoke.Invokers$Holder.invoker(java.lang.Object, java.lang.Object, java.lang.Object)'> (0x000000074d3392a8) thrown at [./src/hotspot/share/interpreter/linkResolver.cpp, line 773]
Event: 1.706 Thread 0x0000020c2cc99000 Exception <a 'java/lang/NoSuchMethodError'{0x000000074d349ea0}: 'void java.lang.invoke.DelegatingMethodHandle$Holder.delegate(java.lang.Object, java.lang.Object, int, java.lang.Object)'> (0x000000074d349ea0) thrown at [./src/hotspot/share/interpreter/linkResolver.cpp, line 773]
Event: 2.015 Thread 0x0000020c2cc99000 Exception <a 'java/lang/NoSuchMethodError'{0x000000074d956488}: 'java.lang.Object java.lang.invoke.DirectMethodHandle$Holder.invokeInterface(java.lang.Object, java.lang.Object, java.lang.Object)'> (0x000000074d956488) thrown at [./src/hotspot/share/interpreter/linkResolver.cpp, line 773]
Event: 2.095 Thread 0x0000020c2cc99000 Exception <a 'java/lang/NoSuchMethodError'{0x000000074d7e59e0}: 'java.lang.Object java.lang.invoke.DirectMethodHandle$Holder.invokeStaticInit(java.lang.Object, java.lang.Object, java.lang.Object)'> (0x000000074d7e59e0) thrown at [./src/hotspot/share/interpreter/linkResolver.cpp, line 773]
Event: 2.246 Thread 0x0000020c2cc99000 Exception <a 'java/lang/NoSuchMethodError'{0x000000074d2a9c60}: 'java.lang.Object java.lang.invoke.DirectMethodHandle$Holder.invokeStaticInit(java.lang.Object, int, int, int, int)'> (0x000000074d2a9c60) thrown at [./src/hotspot/share/interpreter/linkResolver.cpp, line 773]
Event: 2.592 Thread 0x0000020c2cc99000 Exception <a 'java/lang/NoSuchMethodError'{0x000000074cf7db50}: 'java.lang.Object java.lang.invoke.DirectMethodHandle$Holder.invokeStaticInit(java.lang.Object, java.lang.Object, int, int, int, int)'> (0x000000074cf7db50) thrown at [./src/hotspot/share/interpreter/linkResolver.cpp, line 773]
Event: 3.044 Thread 0x0000020c2cc99000 Implicit null exception at 0x0000020c39a61474 to 0x0000020c39a6198c
Event: 3.044 Thread 0x0000020c2cc99000 Implicit null exception at 0x0000020c39a6f5f4 to 0x0000020c39a6fae0

Events (20 events):
Event: 3.058 loading class java/nio/channels/spi/AbstractSelectableChannel
Event: 3.059 loading class java/nio/channels/SelectableChannel
Event: 3.059 loading class java/nio/channels/SelectableChannel done
Event: 3.059 loading class java/nio/channels/spi/AbstractSelectableChannel done
Event: 3.059 loading class java/nio/channels/SocketChannel done
Event: 3.059 loading class java/nio/channels/spi/SelectorProvider
Event: 3.059 loading class java/nio/channels/spi/SelectorProvider done
Event: 3.059 loading class java/nio/channels/spi/SelectorProvider$1
Event: 3.059 loading class java/nio/channels/spi/SelectorProvider$1 done
Event: 3.061 loading class sun/nio/ch/DefaultSelectorProvider
Event: 3.061 loading class sun/nio/ch/DefaultSelectorProvider done
Event: 3.061 loading class sun/nio/ch/WindowsSelectorProvider
Event: 3.061 loading class sun/nio/ch/SelectorProviderImpl
Event: 3.062 loading class sun/nio/ch/SelectorProviderImpl done
Event: 3.062 loading class sun/nio/ch/WindowsSelectorProvider done
Event: 3.062 loading class sun/nio/ch/SocketChannelImpl
Event: 3.062 loading class sun/nio/ch/SelChImpl
Event: 3.063 loading class sun/nio/ch/SelChImpl done
Event: 3.063 loading class sun/nio/ch/SocketChannelImpl done
Event: 3.063 Executing VM operation: CollectForMetadataAllocation


Dynamic libraries:
0x00007ff64c290000 - 0x00007ff64c29a000 	C:\Program Files\Android\Android Studio\jre\bin\java.exe
0x00007ffa53f70000 - 0x00007ffa54168000 	C:\WINDOWS\SYSTEM32\ntdll.dll
0x00007ffa52c60000 - 0x00007ffa52d1f000 	C:\WINDOWS\System32\KERNEL32.DLL
0x00007ffa51a70000 - 0x00007ffa51d42000 	C:\WINDOWS\System32\KERNELBASE.dll
0x00007ffa4ee30000 - 0x00007ffa4eec1000 	C:\WINDOWS\SYSTEM32\apphelp.dll
0x00007ffa517b0000 - 0x00007ffa518b0000 	C:\WINDOWS\System32\ucrtbase.dll
0x00007ffa2e910000 - 0x00007ffa2e929000 	C:\Program Files\Android\Android Studio\jre\bin\jli.dll
0x00007ffa2bc40000 - 0x00007ffa2bc57000 	C:\Program Files\Android\Android Studio\jre\bin\VCRUNTIME140.dll
0x00007ffa53af0000 - 0x00007ffa53c8d000 	C:\WINDOWS\System32\USER32.dll
0x00007ffa51710000 - 0x00007ffa51732000 	C:\WINDOWS\System32\win32u.dll
0x00007ffa40c90000 - 0x00007ffa40f2a000 	C:\WINDOWS\WinSxS\amd64_microsoft.windows.common-controls_6595b64144ccf1df_6.0.19041.1110_none_60b5254171f9507e\COMCTL32.dll
0x00007ffa53d50000 - 0x00007ffa53d7b000 	C:\WINDOWS\System32\GDI32.dll
0x00007ffa530c0000 - 0x00007ffa5315e000 	C:\WINDOWS\System32\msvcrt.dll
0x00007ffa51960000 - 0x00007ffa51a6f000 	C:\WINDOWS\System32\gdi32full.dll
0x00007ffa51670000 - 0x00007ffa5170d000 	C:\WINDOWS\System32\msvcp_win.dll
0x00007ffa53ab0000 - 0x00007ffa53ae2000 	C:\WINDOWS\System32\IMM32.DLL
0x00007ffa29320000 - 0x00007ffa293bd000 	C:\Program Files\Android\Android Studio\jre\bin\msvcp140.dll
0x00007ff9eccb0000 - 0x00007ff9ed7b2000 	C:\Program Files\Android\Android Studio\jre\bin\server\jvm.dll
0x00007ffa52510000 - 0x00007ffa525be000 	C:\WINDOWS\System32\ADVAPI32.dll
0x00007ffa53160000 - 0x00007ffa531fc000 	C:\WINDOWS\System32\sechost.dll
0x00007ffa52320000 - 0x00007ffa52445000 	C:\WINDOWS\System32\RPCRT4.dll
0x00007ffa53d40000 - 0x00007ffa53d48000 	C:\WINDOWS\System32\PSAPI.DLL
0x00007ffa4c690000 - 0x00007ffa4c699000 	C:\WINDOWS\SYSTEM32\WSOCK32.dll
0x00007ffa3a660000 - 0x00007ffa3a687000 	C:\WINDOWS\SYSTEM32\WINMM.dll
0x00007ffa52f10000 - 0x00007ffa52f7b000 	C:\WINDOWS\System32\WS2_32.dll
0x00007ffa447e0000 - 0x00007ffa447ea000 	C:\WINDOWS\SYSTEM32\VERSION.dll
0x00007ffa4f4f0000 - 0x00007ffa4f502000 	C:\WINDOWS\SYSTEM32\kernel.appcore.dll
0x00007ffa29130000 - 0x00007ffa29141000 	C:\Program Files\Android\Android Studio\jre\bin\verify.dll
0x00007ffa40f30000 - 0x00007ffa41114000 	C:\WINDOWS\SYSTEM32\DBGHELP.DLL
0x00007ffa41b30000 - 0x00007ffa41b5c000 	C:\WINDOWS\SYSTEM32\dbgcore.DLL
0x00007ffa51ee0000 - 0x00007ffa51f62000 	C:\WINDOWS\System32\bcryptPrimitives.dll
0x00007ffa29100000 - 0x00007ffa29129000 	C:\Program Files\Android\Android Studio\jre\bin\java.dll
0x00007ffa31020000 - 0x00007ffa3102b000 	C:\Program Files\Android\Android Studio\jre\bin\jimage.dll
0x00007ffa290e0000 - 0x00007ffa290f8000 	C:\Program Files\Android\Android Studio\jre\bin\zip.dll
0x00007ffa53360000 - 0x00007ffa53aa3000 	C:\WINDOWS\System32\SHELL32.dll
0x00007ffa4f6f0000 - 0x00007ffa4fe82000 	C:\WINDOWS\SYSTEM32\windows.storage.dll
0x00007ffa51fc0000 - 0x00007ffa52314000 	C:\WINDOWS\System32\combase.dll
0x00007ffa50ff0000 - 0x00007ffa51020000 	C:\WINDOWS\SYSTEM32\Wldp.dll
0x00007ffa52d20000 - 0x00007ffa52dcd000 	C:\WINDOWS\System32\SHCORE.dll
0x00007ffa524b0000 - 0x00007ffa52505000 	C:\WINDOWS\System32\shlwapi.dll
0x00007ffa515b0000 - 0x00007ffa515cf000 	C:\WINDOWS\SYSTEM32\profapi.dll
0x00007ffa2b760000 - 0x00007ffa2b77a000 	C:\Program Files\Android\Android Studio\jre\bin\net.dll
0x00007ffa44240000 - 0x00007ffa4434c000 	C:\WINDOWS\SYSTEM32\WINHTTP.dll
0x00007ffa50dd0000 - 0x00007ffa50e3a000 	C:\WINDOWS\system32\mswsock.dll
0x00007ffa2b740000 - 0x00007ffa2b754000 	C:\Program Files\Android\Android Studio\jre\bin\nio.dll
0x00007ffa4a070000 - 0x00007ffa4a097000 	C:\Users\tulee\.gradle\native\e1d6ef7f7dcc3fd88c89a11ec53ec762bb8ba0a96d01ffa2cd45eb1d1d8dd5c5\windows-amd64\native-platform.dll
0x00007ffa2d7b0000 - 0x00007ffa2d7ba000 	C:\Program Files\Android\Android Studio\jre\bin\management.dll
0x00007ffa2b550000 - 0x00007ffa2b55d000 	C:\Program Files\Android\Android Studio\jre\bin\management_ext.dll
0x00007ffa51030000 - 0x00007ffa51048000 	C:\WINDOWS\SYSTEM32\CRYPTSP.dll
0x00007ffa506a0000 - 0x00007ffa506d4000 	C:\WINDOWS\system32\rsaenh.dll
0x00007ffa51d50000 - 0x00007ffa51d77000 	C:\WINDOWS\System32\bcrypt.dll
0x00007ffa51570000 - 0x00007ffa5159e000 	C:\WINDOWS\SYSTEM32\USERENV.dll
0x00007ffa50f60000 - 0x00007ffa50f6c000 	C:\WINDOWS\SYSTEM32\CRYPTBASE.dll
0x00007ffa50a90000 - 0x00007ffa50acb000 	C:\WINDOWS\SYSTEM32\IPHLPAPI.DLL
0x00007ffa53200000 - 0x00007ffa53208000 	C:\WINDOWS\System32\NSI.dll
0x00007ffa475e0000 - 0x00007ffa475f7000 	C:\WINDOWS\SYSTEM32\dhcpcsvc6.DLL
0x00007ffa47780000 - 0x00007ffa4779d000 	C:\WINDOWS\SYSTEM32\dhcpcsvc.DLL
0x00007ffa50ae0000 - 0x00007ffa50baa000 	C:\WINDOWS\SYSTEM32\DNSAPI.dll

dbghelp: loaded successfully - version: 4.0.5 - missing functions: none
symbol engine: initialized successfully - sym options: 0x614 - pdb path: .;C:\Program Files\Android\Android Studio\jre\bin;C:\WINDOWS\SYSTEM32;C:\WINDOWS\WinSxS\amd64_microsoft.windows.common-controls_6595b64144ccf1df_6.0.19041.1110_none_60b5254171f9507e;C:\Program Files\Android\Android Studio\jre\bin\server;C:\Users\tulee\.gradle\native\e1d6ef7f7dcc3fd88c89a11ec53ec762bb8ba0a96d01ffa2cd45eb1d1d8dd5c5\windows-amd64

VM Arguments:
jvm_args: -Dorg.gradle.appname=gradlew 
java_command: org.gradle.wrapper.GradleWrapperMain -q -Ptarget-platform=android-arm64 -Ptarget=C:\Users\tulee\Desktop\danim\Danim\lib\main.dart -Pbase-application-name=android.app.Application -Pdart-defines=RkxVVFRFUl9XRUJfQVVUT19ERVRFQ1Q9dHJ1ZQ== -Pdart-obfuscation=false -Pextra-front-end-options=--no-sound-null-safety -Ptrack-widget-creation=true -Ptree-shake-icons=false -Pfilesystem-scheme=org-dartlang-root assembleDebug
java_class_path (initial): C:\Users\tulee\Desktop\danim\Danim\android\\gradle\wrapper\gradle-wrapper.jar
Launcher Type: SUN_STANDARD

[Global flags]
     intx CICompilerCount                          = 3                                         {product} {ergonomic}
     uint ConcGCThreads                            = 1                                         {product} {ergonomic}
     uint G1ConcRefinementThreads                  = 4                                         {product} {ergonomic}
   size_t G1HeapRegionSize                         = 1048576                                   {product} {ergonomic}
    uintx GCDrainStackTargetSize                   = 64                                        {product} {ergonomic}
   size_t InitialHeapSize                          = 201326592                                 {product} {ergonomic}
   size_t MarkStackSize                            = 4194304                                   {product} {ergonomic}
   size_t MaxHeapSize                              = 3189768192                                {product} {ergonomic}
   size_t MaxNewSize                               = 1913651200                                {product} {ergonomic}
   size_t MinHeapDeltaBytes                        = 1048576                                   {product} {ergonomic}
    uintx NonNMethodCodeHeapSize                   = 5830732                                {pd product} {ergonomic}
    uintx NonProfiledCodeHeapSize                  = 122913754                              {pd product} {ergonomic}
    uintx ProfiledCodeHeapSize                     = 122913754                              {pd product} {ergonomic}
    uintx ReservedCodeCacheSize                    = 251658240                              {pd product} {ergonomic}
     bool SegmentedCodeCache                       = true                                      {product} {ergonomic}
     bool UseCompressedClassPointers               = true                                 {lp64_product} {ergonomic}
     bool UseCompressedOops                        = true                                 {lp64_product} {ergonomic}
     bool UseG1GC                                  = true                                      {product} {ergonomic}
     bool UseLargePagesIndividualAllocation        = false                                  {pd product} {ergonomic}

Logging:
Log output configuration:
 #0: stdout all=warning uptime,level,tags
 #1: stderr all=off uptime,level,tags

Environment Variables:
JAVA_HOME=C:\Program Files\Android\Android Studio\jre
CLASSPATH=C:\Users\tulee\Desktop\danim\Danim\android\\gradle\wrapper\gradle-wrapper.jar
PATH=C:\Program Files\Common Files\Oracle\Java\javapath;C:\WINDOWS\system32;C:\WINDOWS;C:\WINDOWS\System32\Wbem;C:\WINDOWS\System32\WindowsPowerShell\v1.0\;C:\WINDOWS\System32\OpenSSH\;C:\Program Files\Bandizip\;C:\Program Files\Git\cmd;C:\Program Files\nodejs\;C:\ProgramData\chocolatey\bin;C:\Users\tulee\AppData\Local\Pub\Cache\bin;C:\flutter\bin;C:\Program Files\Java\jdk-17.0.4.1\bin;C:\Program Files\Docker\Docker\resources\bin;C:\Users\tulee\Desktop\danim;C:\Program Files\OpenSSL-Win64\bin;C:\Users\tulee\AppData\Local\Programs\Python\Python311\Scripts\;C:\Users\tulee\AppData\Local\Programs\Python\Python311\;C:\Users\tulee\AppData\Local\Microsoft\WindowsApps;C:\Program Files\JetBrains\PyCharm 2022.2.1\bin;C:\Users\tulee\AppData\Local\Programs\Microsoft VS Code\bin;C:\Users\tulee\AppData\Roaming\npm;C:\Program Files\JetBrains\IntelliJ IDEA 2022.2.2\bin;C:\tools\dart-sdk\bin;C:\Users\tulee\AppData\Roaming\Pub\Cache\bin;C:\Users\tulee\AppData\Local\gitkraken\bin;C:\flutter\bin\mingit\cmd
USERNAME=tulee
OS=Windows_NT
PROCESSOR_IDENTIFIER=Intel64 Family 6 Model 61 Stepping 4, GenuineIntel



---------------  S Y S T E M  ---------------

OS: Windows 10 , 64 bit Build 19041 (10.0.19041.2251)
OS uptime: 1 days 20:40 hours
Hyper-V role detected

CPU:total 4 (initial active 4) (2 cores per cpu, 2 threads per core) family 6 model 61 stepping 4 microcode 0x2d, cmov, cx8, fxsr, mmx, sse, sse2, sse3, ssse3, sse4.1, sse4.2, popcnt, avx, avx2, aes, clmul, erms, rtm, 3dnowpref, lzcnt, ht, tsc, tscinvbit, bmi1, bmi2, adx, fma

Memory: 4k page, system-wide physical 12162M (1372M free)
TotalPageFile size 14210M (AvailPageFile size 13M)
current process WorkingSet (physical memory assigned to process): 92M, peak: 92M
current process commit charge ("private bytes"): 287M, peak: 288M

vm_info: OpenJDK 64-Bit Server VM (11.0.13+0-b1751.21-8125866) for windows-amd64 JRE (11.0.13+0-b1751.21-8125866), built on Feb  2 2022 03:00:22 by "builder" with MS VC++ 14.0 (VS2015)

END.
